2025-07-14 14:13:27,491 - INFO -   84   
2025-07-14 14:13:27,492 - INFO - [1/84] : julia.simonova
2025-07-14 14:13:27,842 - INFO -  : julia.simonova -> b25672d1-6aaa-4b44-b4e2-716c71a07e45
2025-07-14 14:13:28,847 - INFO - [2/84] : anton.mochalov
2025-07-14 14:13:29,156 - INFO -  : anton.mochalov -> d9d7f479-53bc-4afa-90ad-007623fec5da
2025-07-14 14:13:30,161 - INFO - [3/84] : ivan.pinezhaninov
2025-07-14 14:13:30,543 - INFO -  : ivan.pinezhaninov -> 1847c7f0-63a8-490c-83b2-f1ab19866b19
2025-07-14 14:13:31,546 - INFO - [4/84] : anna.akhmadieva
2025-07-14 14:13:31,919 - INFO -  : anna.akhmadieva -> cf54ec03-5f08-4d78-aca7-d717a70bbaef
2025-07-14 14:13:32,924 - INFO - [5/84] : sergey.vetoshkin
2025-07-14 14:13:33,278 - INFO -  : sergey.vetoshkin -> 31f130cd-cbba-4391-943a-a1edf14345fb
2025-07-14 14:13:34,280 - INFO - [6/84] : olga.molchanova
2025-07-14 14:13:34,634 - INFO -  : olga.molchanova -> fac440fc-8c75-4d23-b5e5-b65611162199
2025-07-14 14:13:35,637 - INFO - [7/84] : artem.petrunin
2025-07-14 14:13:36,025 - INFO -  : artem.petrunin -> f383146a-b35c-41b2-a125-ed0152953383
2025-07-14 14:13:37,027 - INFO - [8/84] : mikhail.bakursky
2025-07-14 14:13:37,384 - INFO -  : mikhail.bakursky -> 210f2807-1c38-4675-91b1-9e27b334943e
2025-07-14 14:13:38,387 - INFO - [9/84] : vitaly.kulabuhov
2025-07-14 14:13:38,739 - INFO -  : vitaly.kulabuhov -> 15dc1e97-2799-40fb-919f-c48385b4af6c
2025-07-14 14:13:39,744 - INFO - [10/84] : inna.pavlutenkova
2025-07-14 14:13:40,094 - INFO -  : inna.pavlutenkova -> 55d0666b-09c3-469a-860d-2cb807c701ec
2025-07-14 14:13:41,098 - INFO -   
2025-07-14 14:13:41,098 - INFO - [11/84] : leonid.iakovlev
2025-07-14 14:13:41,462 - INFO -  : leonid.iakovlev -> 1b1ffbca-b527-4047-9a5a-b498596d79a1
2025-07-14 14:13:42,464 - INFO - [12/84] : nadejda.morozova
2025-07-14 14:13:42,839 - INFO -  : nadejda.morozova -> 4d766d1f-a424-4eb1-ac57-b6cc78964b61
2025-07-14 14:13:43,844 - INFO - [13/84] : ksenia.zaika
2025-07-14 14:13:44,208 - INFO -  : ksenia.zaika -> 4711da78-b9d3-414f-8bd5-a209a4e8875e
2025-07-14 14:13:45,211 - INFO - [14/84] : bagaudin.parchiev
2025-07-14 14:13:45,564 - INFO -  : bagaudin.parchiev -> c4ac1332-81a2-499b-b99d-d5d9b25e4e84
2025-07-14 14:13:46,566 - INFO - [15/84] : igor.spiridonov
2025-07-14 14:13:46,929 - INFO -  : igor.spiridonov -> cf3c0ac7-f2bc-465e-8da9-8eb9d17207ca
2025-07-14 14:13:47,934 - INFO - [16/84] : viktoria.shakhno
2025-07-14 14:13:48,299 - INFO -  : viktoria.shakhno -> f7f98d16-9651-4187-b725-35d81dec518d
2025-07-14 14:13:49,304 - INFO - [17/84] : konstantin.zhukov
2025-07-14 14:13:49,653 - INFO -  : konstantin.zhukov -> c2ffe7ab-4c7a-42ae-80e5-616c756c3679
2025-07-14 14:13:50,666 - INFO - [18/84] : natalia.radetskaya
2025-07-14 14:13:51,019 - INFO -  : natalia.radetskaya -> beb2f3e5-6875-4278-a2f7-273b724c624e
2025-07-14 14:13:52,024 - INFO - [19/84] : roman.katrenko
2025-07-14 14:13:52,368 - INFO -  : roman.katrenko -> 0deefc1a-ad9a-414f-9b47-cd4c16a3ec2b
2025-07-14 14:13:53,378 - INFO - [20/84] : irina.datsevich
2025-07-14 14:13:53,733 - INFO -  : irina.datsevich -> b64a0f86-d840-4f4d-ae16-369e3cdd747a
2025-07-14 14:13:54,738 - INFO -   
2025-07-14 14:13:54,738 - INFO - [21/84] : lyudmila.nacharova
2025-07-14 14:13:55,085 - INFO -  : lyudmila.nacharova -> 3de41dcd-4767-415a-ba3f-c043b2d4940e
2025-07-14 14:13:56,090 - INFO - [22/84] : viktor.kornilov
2025-07-14 14:13:56,405 - INFO -  : viktor.kornilov -> 9c3ac22f-eb7c-4df1-ae29-d27856a2f300
2025-07-14 14:13:57,409 - INFO - [23/84] : vyacheslav.khalyako
2025-07-14 14:13:57,776 - INFO -  : vyacheslav.khalyako -> a7d36c69-b364-476c-9879-6dd9aa2851c9
2025-07-14 14:13:58,778 - INFO - [24/84] : daria.sorokina
2025-07-14 14:13:59,140 - INFO -  : daria.sorokina -> e48f1966-7fba-4128-9b0d-d1d9e818b5b9
2025-07-14 14:14:00,143 - INFO - [25/84] : evgeny.tyryganov.cgp
2025-07-14 14:14:00,505 - INFO -  : evgeny.tyryganov.cgp -> 671cdda4-54f4-44d2-bbfb-779c6adc286b
2025-07-14 14:14:01,508 - INFO - [26/84] : ekaterina.ryzhova
2025-07-14 14:14:01,872 - INFO -  : ekaterina.ryzhova -> 63f357bb-dce5-416b-a2d7-116de10230ba
2025-07-14 14:14:02,874 - INFO - [27/84] : olmer.mezin
2025-07-14 14:14:03,237 - INFO -  : olmer.mezin -> ad91f1b5-b389-443c-b2b6-c4b47ca907ea
2025-07-14 14:14:04,240 - INFO - [28/84] : ivan.efremov
2025-07-14 14:14:04,569 - INFO -  : ivan.efremov -> 6deb902a-0599-426a-81c3-b59a7b867b75
2025-07-14 14:14:05,574 - INFO - [29/84] : m.y.naletov
2025-07-14 14:14:05,924 - INFO -  : m.y.naletov -> c02be653-5c0d-4a62-9f9f-8ffb900c69ec
2025-07-14 14:14:06,929 - INFO - [30/84] : maxim.naletov
2025-07-14 14:14:07,283 - INFO -  : maxim.naletov -> aac75335-e4d0-419d-8194-4f1a74b714a5
2025-07-14 14:14:08,285 - INFO -   
2025-07-14 14:14:08,286 - INFO - [31/84] : germandm
2025-07-14 14:14:08,588 - INFO -  : germandm -> 128dcb7c-ac11-4f3e-9a39-161f73984a5a
2025-07-14 14:14:09,589 - INFO - [32/84] : serafima.lebedeva
2025-07-14 14:14:09,960 - INFO -  : serafima.lebedeva -> ce471a7a-8424-46db-8776-fb188e40eae4
2025-07-14 14:14:10,963 - INFO - [33/84] : rodion.denisov
2025-07-14 14:14:11,342 - INFO -  : rodion.denisov -> 1d99311c-27fb-4630-b027-158837e730d4
2025-07-14 14:14:12,346 - INFO - [34/84] : yuri.voronov1963
2025-07-14 14:14:12,777 - INFO -  : yuri.voronov1963 -> 90b594f8-0e0e-4c3a-bc09-85e5a8bc5c62
2025-07-14 14:14:13,781 - INFO - [35/84] : igor.dmitriev
2025-07-14 14:14:14,151 - INFO -  : igor.dmitriev -> ce95dfb8-6730-494f-a3c0-b3d5f82b9e6e
2025-07-14 14:14:15,157 - INFO - [36/84] : julia.korol
2025-07-14 14:14:15,506 - INFO -  : julia.korol -> 4a4f5941-d366-4fde-a99b-527fa4a70b35
2025-07-14 14:14:16,511 - INFO - [37/84] : sergey.seleznev
2025-07-14 14:14:16,928 - INFO -  : sergey.seleznev -> ada0322d-7f9a-4e98-9195-c83cb9b642d9
2025-07-14 14:14:17,932 - INFO - [38/84] : olga.tolochina
2025-07-14 14:14:18,309 - INFO -  : olga.tolochina -> a7c04996-6767-4bc0-8e80-dd1cb9d92fa8
2025-07-14 14:14:19,314 - INFO - [39/84] : uralgartman28
2025-07-14 14:14:19,614 - INFO -  : uralgartman28 -> 36ede56b-0165-4c78-8b28-bf7d32e89a0b
2025-07-14 14:14:20,618 - INFO - [40/84] : ekaterina.kochetova
2025-07-14 14:14:20,998 - INFO -  : ekaterina.kochetova -> 07619126-7373-4244-8c40-666f2b406909
2025-07-14 14:14:22,000 - INFO -   
2025-07-14 14:14:22,000 - INFO - [41/84] : valeriya.iskorneva
2025-07-14 14:14:22,351 - INFO -  : valeriya.iskorneva -> 5cd28671-f7ef-44b4-b060-473a79eb01f6
2025-07-14 14:14:23,355 - INFO - [42/84] : mikhail.serebrennikov
2025-07-14 14:14:23,723 - INFO -  : mikhail.serebrennikov -> 4ac937ec-4bf7-4d16-88f5-fe8819a6e0dc
2025-07-14 14:14:24,725 - INFO - [43/84] : stanislav.materov
2025-07-14 14:14:25,107 - INFO -  : stanislav.materov -> 448b6303-e72b-4225-aa02-8b26d4713ee2
2025-07-14 14:14:26,112 - INFO - [44/84] : anton.shport
2025-07-14 14:14:26,484 - INFO -  : anton.shport -> 26dce88a-6960-4d21-bba2-eb1b9cdb2468
2025-07-14 14:14:27,487 - INFO - [45/84] : lewstherintelamon
2025-07-14 14:14:27,843 - INFO -  : lewstherintelamon -> ac8274fb-8eed-4c5d-ad65-9ff799d0ef32
2025-07-14 14:14:28,848 - INFO - [46/84] : ivan.ischenko
2025-07-14 14:14:29,239 - INFO -  : ivan.ischenko -> cfb8b232-cb66-4491-87d7-44aa60c76c6a
2025-07-14 14:14:30,240 - INFO - [47/84] : mapi
2025-07-14 14:14:30,615 - INFO -  : mapi -> c447d76b-af51-4316-b757-07d897b83991
2025-07-14 14:14:31,621 - INFO - [48/84] : igor.dolzhenkov
2025-07-14 14:14:31,967 - INFO -  : igor.dolzhenkov -> d908e4bd-0378-478d-96c9-10bb6410d1db
2025-07-14 14:14:32,972 - INFO - [49/84] : savelii.cherenkov
2025-07-14 14:14:33,334 - INFO -  : savelii.cherenkov -> 8b766ab0-896b-4a7c-a6fc-27bc65d58570
2025-07-14 14:14:34,339 - INFO - [50/84] : anzor.gergov
2025-07-14 14:14:34,657 - INFO -  : anzor.gergov -> 53cf22ec-9827-4299-97be-c1765dcd7f09
2025-07-14 14:14:35,662 - INFO -   
2025-07-14 14:14:35,663 - INFO - [51/84] : isk365
2025-07-14 14:14:36,039 - INFO -  : isk365 -> d831c9d1-0bc3-42bf-934d-f253fc110f95
2025-07-14 14:14:37,044 - INFO - [52/84] : maikelluri
2025-07-14 14:14:37,371 - INFO -  : maikelluri -> c1ceb30b-388b-45dd-90e8-b76b2f8e503e
2025-07-14 14:14:38,374 - INFO - [53/84] : egor.panteleev
2025-07-14 14:14:38,726 - INFO -  : egor.panteleev -> a356ee6f-0cf5-4aa5-bd0c-514b9611b366
2025-07-14 14:14:39,730 - INFO - [54/84] : mohdanbarzankaev
2025-07-14 14:14:40,093 - INFO -  : mohdanbarzankaev -> 06ed2a6f-3512-4cec-b8b2-6d57650014c8
2025-07-14 14:14:41,096 - INFO - [55/84] : mohdan.barzankaev
2025-07-14 14:14:41,471 - INFO -  : mohdan.barzankaev -> b4d165d4-8280-4ad0-a31d-156fe4b98008
2025-07-14 14:14:42,473 - INFO - [56/84] : team.support
2025-07-14 14:14:42,825 - INFO -  : team.support -> 35a89bb5-c581-48a5-a7ec-5d63075d3713
2025-07-14 14:14:43,829 - INFO - [57/84] : maxim.galitsyn
2025-07-14 14:14:44,153 - INFO -  : maxim.galitsyn -> ea825989-7a10-4b68-9106-dc2645f85204
2025-07-14 14:14:45,158 - INFO - [58/84] : support
2025-07-14 14:14:45,521 - INFO -  : support -> 3450ca27-7c79-4ce7-b867-b1f1fb05f9f8
2025-07-14 14:14:46,527 - INFO - [59/84] : azatazatec
2025-07-14 14:14:46,894 - INFO -  : azatazatec -> 11c4f196-b78a-4bb9-aeea-efc461219f4f
2025-07-14 14:14:47,899 - INFO - [60/84] : natalia.kuznetsova
2025-07-14 14:14:48,255 - INFO -  : natalia.kuznetsova -> 34898c33-2f49-4fef-bc22-aa45493a9048
2025-07-14 14:14:49,259 - INFO -   
2025-07-14 14:14:49,259 - INFO - [61/84] : irina.belyaninova
2025-07-14 14:14:49,618 - INFO -  : irina.belyaninova -> 3606b803-f55e-4aa9-9ca1-53ebd7837975
2025-07-14 14:14:50,623 - INFO - [62/84] : nikita.bige
2025-07-14 14:14:50,985 - INFO -  : nikita.bige -> f32de2b3-98b6-4862-8a5f-94b24883cd93
2025-07-14 14:14:51,990 - INFO - [63/84] : azat.kamaletdinov
2025-07-14 14:14:52,355 - INFO -  : azat.kamaletdinov -> f391eef5-34ed-4db2-a764-98f98811e819
2025-07-14 14:14:53,361 - INFO - [64/84] : svetlana.anisimova
2025-07-14 14:14:53,739 - INFO -  : svetlana.anisimova -> a10b283c-946d-4571-9c2b-8d898bfd78e1
2025-07-14 14:14:54,741 - INFO - [65/84] : khalid.asadulaev
2025-07-14 14:14:55,048 - INFO -  : khalid.asadulaev -> a0e2cb99-5958-4716-b567-80b1ea2723d1
2025-07-14 14:14:56,052 - INFO - [66/84] : tamara.fedorova
2025-07-14 14:14:56,377 - INFO -  : tamara.fedorova -> ab8b8240-562d-4c91-913a-06cf8ae47c04
2025-07-14 14:14:57,383 - INFO - [67/84] : irina.sadch
2025-07-14 14:14:57,707 - INFO -  : irina.sadch -> ab0084a5-4c7d-48ac-8861-b1d5634794af
2025-07-14 14:14:58,712 - INFO - [68/84] : irina.sadchikova
2025-07-14 14:14:59,067 - INFO -  : irina.sadchikova -> 71a52e46-6150-487a-9053-55dd901f10c5
2025-07-14 14:15:00,068 - INFO - [69/84] : ekaterina.klimenteva
2025-07-14 14:15:00,413 - INFO -  : ekaterina.klimenteva -> 7704d53a-f252-48f6-8f3e-9a4a5e0bca90
2025-07-14 14:15:01,416 - INFO - [70/84] : irina.zelentsova
2025-07-14 14:15:01,781 - INFO -  : irina.zelentsova -> fca09a91-d2ee-48bc-aecd-90e5ecac3dc6
2025-07-14 14:15:02,789 - INFO -   
2025-07-14 14:15:02,789 - INFO - [71/84] : ratmir.khannanov
2025-07-14 14:15:03,177 - INFO -  : ratmir.khannanov -> 584bb09b-3b48-48b1-bbc1-8a85af75cd95
2025-07-14 14:15:04,183 - INFO - [72/84] : mariia.khoroshenkova
2025-07-14 14:15:04,554 - INFO -  : mariia.khoroshenkova -> 60d47b2c-615c-4666-9b64-0a8483d07dad
2025-07-14 14:15:05,555 - INFO - [73/84] : mikhail.lepasson
2025-07-14 14:15:05,938 - INFO -  : mikhail.lepasson -> cb856564-db5d-46b0-95b8-b379002fc5fb
2025-07-14 14:15:06,943 - INFO - [74/84] : georgii.khromchenkov
2025-07-14 14:15:07,311 - INFO -  : georgii.khromchenkov -> 14a2baf8-acd7-4bfd-8bf2-efb111046db8
2025-07-14 14:15:08,316 - INFO - [75/84] : roman.pavlov
2025-07-14 14:15:08,688 - INFO -  : roman.pavlov -> 85dcfeba-32b0-4a73-a2df-e7bcc7484c75
2025-07-14 14:15:09,693 - INFO - [76/84] : maksim.bukharin
2025-07-14 14:15:10,065 - INFO -  : maksim.bukharin -> 94c10d98-7e68-4e83-b9fb-6ff35a121c6d
2025-07-14 14:15:11,070 - INFO - [77/84] : petrovez_r
2025-07-14 14:15:11,398 - INFO -  : petrovez_r -> 255f843a-61e8-4d07-975a-af5c1c0e2238
2025-07-14 14:15:12,403 - INFO - [78/84] : vyacheslavcg.petrovets
2025-07-14 14:15:12,758 - INFO -  : vyacheslavcg.petrovets -> e446de6d-ca93-43c0-aecb-fd0190066314
2025-07-14 14:15:13,763 - INFO - [79/84] : viacheslav.petrovets
2025-07-14 14:15:14,166 - INFO -  : viacheslav.petrovets -> dfb29f35-1d71-4a97-a608-3d80ac9f1f93
2025-07-14 14:15:15,183 - INFO - [80/84] : anna.goriacheva
2025-07-14 14:15:15,590 - INFO -  : anna.goriacheva -> 1b8a5162-4c8e-40b2-a64f-35990dbabfe4
2025-07-14 14:15:16,593 - INFO -   
2025-07-14 14:15:16,593 - INFO - [81/84] : magomedemin.gadzhiev
2025-07-14 14:15:16,956 - INFO -  : magomedemin.gadzhiev -> 1b4babb8-1837-46c4-a503-e6ed6ead7230
2025-07-14 14:15:17,960 - INFO - [82/84] : mariia.akimova
2025-07-14 14:15:18,328 - INFO -  : mariia.akimova -> 09ce50ae-ddc9-429d-9163-0d53dedcc746
2025-07-14 14:15:19,333 - INFO - [83/84] : kirill.sedyshev
2025-07-14 14:15:19,708 - INFO -  : kirill.sedyshev -> 595a113c-67fe-4fa4-b464-12e18a20455e
2025-07-14 14:15:20,712 - INFO - [84/84] : elina.gabitova
2025-07-14 14:15:21,035 - INFO -  : elina.gabitova -> 487866a4-3067-4311-bce3-1fc4a56677bc
2025-07-14 14:15:22,038 - INFO - 
  :
2025-07-14 14:15:22,038 - INFO -  : 84
2025-07-14 14:15:22,038 - INFO -  : 0
2025-07-14 14:15:22,039 - INFO -    : 2
2025-07-14 14:23:31,021 - INFO - 🎯 Найдено 0 пользователей для создания
2025-07-14 14:23:31,023 - INFO - ✅ Все пользователи уже созданы!
