2025-07-14 13:57:56,986 - INFO - ==================================================
2025-07-14 13:57:56,987 - INFO - ЭТАП 1: МИГРАЦИЯ ПОЛЬЗОВАТЕЛЕЙ - УЛУЧШЕННАЯ ВЕРСИЯ
2025-07-14 13:57:56,987 - INFO - ==================================================
2025-07-14 13:57:57,360 - INFO - ✓ YouTrack: подключение успешно, пользователь None
2025-07-14 13:57:57,362 - INFO - Загружен существующий маппинг: 0 пользователей
2025-07-14 13:57:57,362 - INFO - Получение пользователей с пагинацией...
2025-07-14 13:57:57,917 - INFO -   Страница 1: получено 50 пользователей
2025-07-14 13:57:58,471 - INFO -   Страница 2: получено 50 пользователей
2025-07-14 13:57:59,022 - INFO -   Страница 3: получено 25 пользователей
2025-07-14 13:57:59,022 - INFO - Всего получено 125 пользователей из Yandex Tracker
2025-07-14 13:57:59,022 - INFO - 🧪 ТЕСТ: Ограничиваем до 5 пользователей
2025-07-14 13:57:59,022 - INFO - Начинаем ПРИНУДИТЕЛЬНУЮ миграцию 5 пользователей...
2025-07-14 13:57:59,022 - INFO - 
[1/5] ==========================================
2025-07-14 13:57:59,023 - INFO - Обрабатываем пользователя: ch1serg (ID: None)
2025-07-14 13:57:59,023 - INFO - 🔨 ПРИНУДИТЕЛЬНОЕ создание пользователя: ch1serg
2025-07-14 13:57:59,207 - INFO -     Ответ сервера: 409
2025-07-14 13:57:59,208 - INFO -     Тело ответа: {"error":"must be unique","error_code":409,"error_description":"Field User::login must be unique","error_developer_message":"Field User::login must be unique","error_uri":"https://www.jetbrains.com/help/youtrack/devportal/2025.1/HUB-REST-API.html","error_field":"login"}
2025-07-14 13:57:59,208 - WARNING - ⚠️ Пользователь ch1serg УЖЕ СУЩЕСТВУЕТ
2025-07-14 13:57:59,208 - INFO -     🔍 Ищем существующего пользователя: ch1serg
2025-07-14 13:57:59,297 - INFO -       Способ 1: найдено 1 пользователей
2025-07-14 13:57:59,297 - INFO -       ✅ Найден способом 1: ch1serg -> 2-307
2025-07-14 13:57:59,297 - INFO - ✅ Найден существующий: ch1serg -> ID: 2-307
2025-07-14 13:58:00,302 - INFO - 
[2/5] ==========================================
2025-07-14 13:58:00,303 - INFO - Обрабатываем пользователя: cyberbobs (ID: None)
2025-07-14 13:58:00,303 - INFO - ⏭ Пользователь cyberbobs уже в маппинге, пропускаем
2025-07-14 13:58:00,303 - INFO - 
[3/5] ==========================================
2025-07-14 13:58:00,303 - INFO - Обрабатываем пользователя: igor.egorov87 (ID: None)
2025-07-14 13:58:00,304 - INFO - ⏭ Пользователь igor.egorov87 уже в маппинге, пропускаем
2025-07-14 13:58:00,305 - INFO - 
[4/5] ==========================================
2025-07-14 13:58:00,305 - INFO - Обрабатываем пользователя: yndx-tracker-cnt-robot (ID: None)
2025-07-14 13:58:00,305 - INFO - ⏭ Пользователь yndx-tracker-cnt-robot уже в маппинге, пропускаем
2025-07-14 13:58:00,305 - INFO - 
[5/5] ==========================================
2025-07-14 13:58:00,306 - INFO - Обрабатываем пользователя: yndx-wiki-cnt-robot (ID: None)
2025-07-14 13:58:00,306 - INFO - ⏭ Пользователь yndx-wiki-cnt-robot уже в маппинге, пропускаем
2025-07-14 13:58:00,308 - INFO - Маппинг пользователей сохранен в user_mapping.json
2025-07-14 13:58:00,308 - INFO - 
==================================================
2025-07-14 13:58:00,308 - INFO - РЕЗУЛЬТАТЫ ЭТАПА 1 - УЛУЧШЕННАЯ ВЕРСИЯ:
2025-07-14 13:58:00,308 - INFO - ✓ Успешно создано: 1
2025-07-14 13:58:00,308 - INFO - ⏭ Пропущено (уже в маппинге): 4
2025-07-14 13:58:00,308 - INFO - ✗ Ошибок: 0
2025-07-14 13:58:00,308 - INFO - 📊 Всего в маппинге: 1
2025-07-14 13:58:00,308 - INFO - ==================================================
