2025-07-14 13:00:19,769 - INFO - ==================================================
2025-07-14 13:00:19,770 - INFO - ЭТАП 1: МИГРАЦИЯ ПОЛЬЗОВАТЕЛЕЙ
2025-07-14 13:00:19,770 - INFO - ==================================================
2025-07-14 13:00:20,185 - INFO - ✓ YouTrack: подключение успешно, пользователь None
2025-07-14 13:00:20,185 - INFO - Загружен существующий маппинг: 0 пользователей
2025-07-14 13:00:20,968 - ERROR - Ошибка получения пользователей: 403 Client Error: Forbidden for url: https://api.tracker.yandex.net/v2/users
2025-07-14 13:00:20,968 - ERROR - Не удалось получить пользователей из Yandex Tracker
2025-07-14 13:12:40,241 - INFO - ==================================================
2025-07-14 13:12:40,241 - INFO - ЭТАП 1: МИГРАЦИЯ ПОЛЬЗОВАТЕЛЕЙ
2025-07-14 13:12:40,241 - INFO - ==================================================
2025-07-14 13:12:40,764 - ERROR - ✗ YouTrack: ошибка авторизации - 404
2025-07-14 13:12:40,764 - ERROR - Не удалось подключиться к YouTrack
2025-07-14 13:13:41,424 - INFO - ==================================================
2025-07-14 13:13:41,425 - INFO - ЭТАП 1: МИГРАЦИЯ ПОЛЬЗОВАТЕЛЕЙ
2025-07-14 13:13:41,425 - INFO - ==================================================
2025-07-14 13:13:45,806 - INFO - ✓ YouTrack: подключение успешно, пользователь None
2025-07-14 13:13:45,806 - INFO - Загружен существующий маппинг: 0 пользователей
2025-07-14 13:13:46,704 - INFO - Получено 50 пользователей из Yandex Tracker
2025-07-14 13:13:46,704 - INFO - Начинаем миграцию 50 пользователей...
2025-07-14 13:13:46,704 - INFO - [1/50] Обрабатываем пользователя: ch1serg
2025-07-14 13:13:47,036 - ERROR - ✗ Ошибка создания пользователя ch1serg: 200 - {"type":"user","id":"1a965cd0-a932-4077-8646-312a284ffe3b","name":"Сергей Чуприс","login":"ch1serg"}
2025-07-14 13:13:47,540 - INFO - [2/50] Обрабатываем пользователя: cyberbobs
2025-07-14 13:13:47,684 - ERROR - ✗ Ошибка создания пользователя cyberbobs: 200 - {"type":"user","id":"4d44a897-37f6-4cca-b1e6-92d77c08511a","name":"Борис М.","login":"cyberbobs"}
2025-07-14 13:13:48,189 - INFO - [3/50] Обрабатываем пользователя: igor.egorov87
2025-07-14 13:13:48,286 - ERROR - ✗ Ошибка создания пользователя igor.egorov87: 200 - {"type":"user","id":"9a950ece-e290-49e5-9596-4cc4121c3875","name":"Igor Egorov","login":"igor.egorov87"}
2025-07-14 13:13:48,791 - INFO - [4/50] Обрабатываем пользователя: yndx-tracker-cnt-robot
2025-07-14 13:13:48,925 - ERROR - ✗ Ошибка создания пользователя yndx-tracker-cnt-robot: 200 - {"type":"user","id":"bcb13ec8-8435-4cf9-bc4d-c05e7013e9d4","name":"Робот сервиса Tracker Робот","login":"yndx-tracker-cnt-robot"}
2025-07-14 13:13:49,426 - INFO - [5/50] Обрабатываем пользователя: yndx-wiki-cnt-robot
2025-07-14 13:13:49,541 - ERROR - ✗ Ошибка создания пользователя yndx-wiki-cnt-robot: 200 - {"type":"user","id":"d7defd5a-2cd7-4a1f-93b0-02005b982483","name":"Робот сервиса Wiki Робот","login":"yndx-wiki-cnt-robot"}
2025-07-14 13:13:50,046 - INFO - [6/50] Обрабатываем пользователя: yndx-forms-cnt-robot
2025-07-14 13:13:50,204 - ERROR - ✗ Ошибка создания пользователя yndx-forms-cnt-robot: 200 - {"type":"user","id":"38b4b755-79c3-4f77-943a-6c8ee313633d","name":"Робот сервиса Forms Робот","login":"yndx-forms-cnt-robot"}
2025-07-14 13:13:50,706 - INFO - [7/50] Обрабатываем пользователя: di.star1999
2025-07-14 13:13:50,817 - ERROR - ✗ Ошибка создания пользователя di.star1999: 200 - {"type":"user","id":"2fc04888-2421-41a8-b4b8-bc92fa986973","name":"Дмитрий Старовойтов","login":"di.star1999"}
2025-07-14 13:13:51,318 - INFO - [8/50] Обрабатываем пользователя: cgate.demo
2025-07-14 13:13:51,427 - ERROR - ✗ Ошибка создания пользователя cgate.demo: 200 - {"type":"user","id":"f8aad35f-20a3-4d01-bee0-b9dbc129f39e","name":"Alexandr Denisov","login":"cgate.demo"}
2025-07-14 13:13:51,933 - INFO - [9/50] Обрабатываем пользователя: communigate.pro
2025-07-14 13:13:52,137 - ERROR - ✗ Ошибка создания пользователя communigate.pro: 200 - {"type":"user","id":"27602967-0c5d-4f1e-880f-77c37b5b6e40","name":"Иван Иванов","login":"communigate.pro"}
2025-07-14 13:13:52,643 - INFO - [10/50] Обрабатываем пользователя: vladimirskiy
2025-07-14 13:13:52,778 - ERROR - ✗ Ошибка создания пользователя vladimirskiy: 200 - {"type":"user","id":"145ed60f-f833-4b22-a65f-91bea339e8b9","name":"Akim Vladimirskiy","login":"vladimirskiy"}
2025-07-14 13:13:53,286 - INFO - Маппинг пользователей сохранен в user_mapping.json
2025-07-14 13:13:53,286 - INFO - Промежуточное сохранение: 10 пользователей обработано
2025-07-14 13:13:53,286 - INFO - [11/50] Обрабатываем пользователя: alexandr.denisov
2025-07-14 13:13:53,417 - ERROR - ✗ Ошибка создания пользователя alexandr.denisov: 200 - {"type":"user","id":"50c88a54-042d-406e-b68a-fb5499d31237","name":"Александр Владимирович Денисов","login":"alexandr.denisov"}
2025-07-14 13:13:53,923 - INFO - [12/50] Обрабатываем пользователя: dmitry.starovoytov
2025-07-14 13:13:54,064 - ERROR - ✗ Ошибка создания пользователя dmitry.starovoytov: 200 - {"type":"user","id":"ab75a3da-e8f0-458c-93e0-95837511bc3c","name":"Дмитрий Петрович Старовойтов","login":"dmitry.starovoytov"}
2025-07-14 13:13:54,569 - INFO - [13/50] Обрабатываем пользователя: sergey.chupris
2025-07-14 13:13:54,753 - WARNING - ⚠ Пользователь sergey.chupris уже существует
2025-07-14 13:13:55,345 - INFO - [14/50] Обрабатываем пользователя: adm
2025-07-14 13:13:55,345 - INFO - ⏭ Пользователь adm уже мигрирован, пропускаем
2025-07-14 13:13:55,345 - INFO - [15/50] Обрабатываем пользователя: boris.moiseev
2025-07-14 13:13:55,345 - INFO - ⏭ Пользователь boris.moiseev уже мигрирован, пропускаем
2025-07-14 13:13:55,345 - INFO - [16/50] Обрабатываем пользователя: alena.fisenko
2025-07-14 13:13:55,345 - INFO - ⏭ Пользователь alena.fisenko уже мигрирован, пропускаем
2025-07-14 13:13:55,345 - INFO - [17/50] Обрабатываем пользователя: julia.simonova
2025-07-14 13:13:55,345 - INFO - ⏭ Пользователь julia.simonova уже мигрирован, пропускаем
2025-07-14 13:13:55,345 - INFO - [18/50] Обрабатываем пользователя: akim.vladimirsky
2025-07-14 13:13:55,346 - INFO - ⏭ Пользователь akim.vladimirsky уже мигрирован, пропускаем
2025-07-14 13:13:55,346 - INFO - [19/50] Обрабатываем пользователя: anton.mochalov
2025-07-14 13:13:55,346 - INFO - ⏭ Пользователь anton.mochalov уже мигрирован, пропускаем
2025-07-14 13:13:55,346 - INFO - [20/50] Обрабатываем пользователя: alexander.anokhin
2025-07-14 13:13:55,346 - INFO - ⏭ Пользователь alexander.anokhin уже мигрирован, пропускаем
2025-07-14 13:13:55,346 - INFO - [21/50] Обрабатываем пользователя: ivan.pinezhaninov
2025-07-14 13:13:55,346 - INFO - ⏭ Пользователь ivan.pinezhaninov уже мигрирован, пропускаем
2025-07-14 13:13:55,346 - INFO - [22/50] Обрабатываем пользователя: maxim.churakov
2025-07-14 13:13:55,346 - INFO - ⏭ Пользователь maxim.churakov уже мигрирован, пропускаем
2025-07-14 13:13:55,346 - INFO - [23/50] Обрабатываем пользователя: yuri.penkin
2025-07-14 13:13:55,346 - INFO - ⏭ Пользователь yuri.penkin уже мигрирован, пропускаем
2025-07-14 13:13:55,346 - INFO - [24/50] Обрабатываем пользователя: sergey.dolmatskiy
2025-07-14 13:13:55,346 - INFO - ⏭ Пользователь sergey.dolmatskiy уже мигрирован, пропускаем
2025-07-14 13:13:55,346 - INFO - [25/50] Обрабатываем пользователя: anna.akhmadieva
2025-07-14 13:13:55,346 - INFO - ⏭ Пользователь anna.akhmadieva уже мигрирован, пропускаем
2025-07-14 13:13:55,346 - INFO - [26/50] Обрабатываем пользователя: sergey.vetoshkin
2025-07-14 13:13:55,346 - INFO - ⏭ Пользователь sergey.vetoshkin уже мигрирован, пропускаем
2025-07-14 13:13:55,346 - INFO - [27/50] Обрабатываем пользователя: andrey.ivanov
2025-07-14 13:13:55,346 - INFO - ⏭ Пользователь andrey.ivanov уже мигрирован, пропускаем
2025-07-14 13:13:55,346 - INFO - [28/50] Обрабатываем пользователя: olga.molchanova
2025-07-14 13:13:55,346 - INFO - ⏭ Пользователь olga.molchanova уже мигрирован, пропускаем
2025-07-14 13:13:55,346 - INFO - [29/50] Обрабатываем пользователя: artem.petrunin
2025-07-14 13:13:55,346 - INFO - ⏭ Пользователь artem.petrunin уже мигрирован, пропускаем
2025-07-14 13:13:55,346 - INFO - [30/50] Обрабатываем пользователя: mikhail.bakursky
2025-07-14 13:13:55,347 - INFO - ⏭ Пользователь mikhail.bakursky уже мигрирован, пропускаем
2025-07-14 13:13:55,347 - INFO - [31/50] Обрабатываем пользователя: vitaly.kulabuhov
2025-07-14 13:13:55,347 - INFO - ⏭ Пользователь vitaly.kulabuhov уже мигрирован, пропускаем
2025-07-14 13:13:55,347 - INFO - [32/50] Обрабатываем пользователя: inna.pavlutenkova
2025-07-14 13:13:55,347 - INFO - ⏭ Пользователь inna.pavlutenkova уже мигрирован, пропускаем
2025-07-14 13:13:55,347 - INFO - [33/50] Обрабатываем пользователя: leonid.iakovlev
2025-07-14 13:13:55,347 - INFO - ⏭ Пользователь leonid.iakovlev уже мигрирован, пропускаем
2025-07-14 13:13:55,347 - INFO - [34/50] Обрабатываем пользователя: egor.tsvetkov
2025-07-14 13:13:55,347 - INFO - ⏭ Пользователь egor.tsvetkov уже мигрирован, пропускаем
2025-07-14 13:13:55,347 - INFO - [35/50] Обрабатываем пользователя: nadejda.morozova
2025-07-14 13:13:55,347 - INFO - ⏭ Пользователь nadejda.morozova уже мигрирован, пропускаем
2025-07-14 13:13:55,347 - INFO - [36/50] Обрабатываем пользователя: nikita.panchenko
2025-07-14 13:13:55,347 - INFO - ⏭ Пользователь nikita.panchenko уже мигрирован, пропускаем
2025-07-14 13:13:55,347 - INFO - [37/50] Обрабатываем пользователя: ksenia.zaika
2025-07-14 13:13:55,347 - INFO - ⏭ Пользователь ksenia.zaika уже мигрирован, пропускаем
2025-07-14 13:13:55,347 - INFO - [38/50] Обрабатываем пользователя: bagaudin.parchiev
2025-07-14 13:13:55,347 - INFO - ⏭ Пользователь bagaudin.parchiev уже мигрирован, пропускаем
2025-07-14 13:13:55,347 - INFO - [39/50] Обрабатываем пользователя: igor.spiridonov
2025-07-14 13:13:55,347 - INFO - ⏭ Пользователь igor.spiridonov уже мигрирован, пропускаем
2025-07-14 13:13:55,347 - INFO - [40/50] Обрабатываем пользователя: viktoria.shakhno
2025-07-14 13:13:55,347 - INFO - ⏭ Пользователь viktoria.shakhno уже мигрирован, пропускаем
2025-07-14 13:13:55,348 - INFO - [41/50] Обрабатываем пользователя: konstantin.zhukov
2025-07-14 13:13:55,348 - INFO - ⏭ Пользователь konstantin.zhukov уже мигрирован, пропускаем
2025-07-14 13:13:55,348 - INFO - [42/50] Обрабатываем пользователя: natalia.radetskaya
2025-07-14 13:13:55,348 - INFO - ⏭ Пользователь natalia.radetskaya уже мигрирован, пропускаем
2025-07-14 13:13:55,348 - INFO - [43/50] Обрабатываем пользователя: roman.katrenko
2025-07-14 13:13:55,348 - INFO - ⏭ Пользователь roman.katrenko уже мигрирован, пропускаем
2025-07-14 13:13:55,348 - INFO - [44/50] Обрабатываем пользователя: irina.datsevich
2025-07-14 13:13:55,348 - INFO - ⏭ Пользователь irina.datsevich уже мигрирован, пропускаем
2025-07-14 13:13:55,348 - INFO - [45/50] Обрабатываем пользователя: lyudmila.nacharova
2025-07-14 13:13:55,348 - INFO - ⏭ Пользователь lyudmila.nacharova уже мигрирован, пропускаем
2025-07-14 13:13:55,348 - INFO - [46/50] Обрабатываем пользователя: dmitry.savickiy
2025-07-14 13:13:55,348 - INFO - ⏭ Пользователь dmitry.savickiy уже мигрирован, пропускаем
2025-07-14 13:13:55,348 - INFO - [47/50] Обрабатываем пользователя: viktor.kornilov
2025-07-14 13:13:55,348 - INFO - ⏭ Пользователь viktor.kornilov уже мигрирован, пропускаем
2025-07-14 13:13:55,348 - INFO - [48/50] Обрабатываем пользователя: vyacheslav.khalyako
2025-07-14 13:13:55,348 - INFO - ⏭ Пользователь vyacheslav.khalyako уже мигрирован, пропускаем
2025-07-14 13:13:55,348 - INFO - [49/50] Обрабатываем пользователя: daria.sorokina
2025-07-14 13:13:55,348 - INFO - ⏭ Пользователь daria.sorokina уже мигрирован, пропускаем
2025-07-14 13:13:55,348 - INFO - [50/50] Обрабатываем пользователя: evgeny.tyryganov.cgp
2025-07-14 13:13:55,349 - INFO - ⏭ Пользователь evgeny.tyryganov.cgp уже мигрирован, пропускаем
2025-07-14 13:13:55,349 - INFO - Маппинг пользователей сохранен в user_mapping.json
2025-07-14 13:13:55,349 - INFO - ==================================================
2025-07-14 13:13:55,349 - INFO - РЕЗУЛЬТАТЫ ЭТАПА 1:
2025-07-14 13:13:55,349 - INFO - ✓ Успешно создано: 1
2025-07-14 13:13:55,349 - INFO - ⏭ Пропущено (уже существуют): 37
2025-07-14 13:13:55,349 - INFO - ✗ Ошибок: 12
2025-07-14 13:13:55,349 - INFO - 📊 Всего в маппинге: 1
2025-07-14 13:13:55,349 - INFO - ==================================================
2025-07-14 13:13:55,349 - WARNING - ⚠ Этап завершен с 12 ошибками
2025-07-14 13:13:55,349 - INFO - Проверьте логи и повторите запуск для исправления ошибок
2025-07-14 13:19:56,768 - INFO - ==================================================
2025-07-14 13:19:56,769 - INFO - ЭТАП 1: МИГРАЦИЯ ПОЛЬЗОВАТЕЛЕЙ
2025-07-14 13:19:56,769 - INFO - ==================================================
2025-07-14 13:19:57,124 - INFO - ✓ YouTrack: подключение успешно, пользователь None
2025-07-14 13:19:57,125 - INFO - Загружен существующий маппинг: 1 пользователей
2025-07-14 13:19:58,452 - INFO - Получено 50 пользователей из Yandex Tracker
2025-07-14 13:19:58,453 - INFO - Начинаем миграцию 50 пользователей...
2025-07-14 13:19:58,453 - INFO - [1/50] Обрабатываем пользователя: ch1serg
2025-07-14 13:19:58,585 - WARNING - ⚠ Пользователь ch1serg уже существует
2025-07-14 13:19:59,171 - INFO - [2/50] Обрабатываем пользователя: cyberbobs
2025-07-14 13:19:59,172 - INFO - ⏭ Пользователь cyberbobs уже мигрирован, пропускаем
2025-07-14 13:19:59,172 - INFO - [3/50] Обрабатываем пользователя: igor.egorov87
2025-07-14 13:19:59,172 - INFO - ⏭ Пользователь igor.egorov87 уже мигрирован, пропускаем
2025-07-14 13:19:59,172 - INFO - [4/50] Обрабатываем пользователя: yndx-tracker-cnt-robot
2025-07-14 13:19:59,172 - INFO - ⏭ Пользователь yndx-tracker-cnt-robot уже мигрирован, пропускаем
2025-07-14 13:19:59,173 - INFO - [5/50] Обрабатываем пользователя: yndx-wiki-cnt-robot
2025-07-14 13:19:59,173 - INFO - ⏭ Пользователь yndx-wiki-cnt-robot уже мигрирован, пропускаем
2025-07-14 13:19:59,173 - INFO - [6/50] Обрабатываем пользователя: yndx-forms-cnt-robot
2025-07-14 13:19:59,173 - INFO - ⏭ Пользователь yndx-forms-cnt-robot уже мигрирован, пропускаем
2025-07-14 13:19:59,173 - INFO - [7/50] Обрабатываем пользователя: di.star1999
2025-07-14 13:19:59,173 - INFO - ⏭ Пользователь di.star1999 уже мигрирован, пропускаем
2025-07-14 13:19:59,173 - INFO - [8/50] Обрабатываем пользователя: cgate.demo
2025-07-14 13:19:59,173 - INFO - ⏭ Пользователь cgate.demo уже мигрирован, пропускаем
2025-07-14 13:19:59,173 - INFO - [9/50] Обрабатываем пользователя: communigate.pro
2025-07-14 13:19:59,173 - INFO - ⏭ Пользователь communigate.pro уже мигрирован, пропускаем
2025-07-14 13:19:59,174 - INFO - [10/50] Обрабатываем пользователя: vladimirskiy
2025-07-14 13:19:59,174 - INFO - ⏭ Пользователь vladimirskiy уже мигрирован, пропускаем
2025-07-14 13:19:59,174 - INFO - [11/50] Обрабатываем пользователя: alexandr.denisov
2025-07-14 13:19:59,174 - INFO - ⏭ Пользователь alexandr.denisov уже мигрирован, пропускаем
2025-07-14 13:19:59,174 - INFO - [12/50] Обрабатываем пользователя: dmitry.starovoytov
2025-07-14 13:19:59,174 - INFO - ⏭ Пользователь dmitry.starovoytov уже мигрирован, пропускаем
2025-07-14 13:19:59,174 - INFO - [13/50] Обрабатываем пользователя: sergey.chupris
2025-07-14 13:19:59,174 - INFO - ⏭ Пользователь sergey.chupris уже мигрирован, пропускаем
2025-07-14 13:19:59,175 - INFO - [14/50] Обрабатываем пользователя: adm
2025-07-14 13:19:59,175 - INFO - ⏭ Пользователь adm уже мигрирован, пропускаем
2025-07-14 13:19:59,175 - INFO - [15/50] Обрабатываем пользователя: boris.moiseev
2025-07-14 13:19:59,175 - INFO - ⏭ Пользователь boris.moiseev уже мигрирован, пропускаем
2025-07-14 13:19:59,175 - INFO - [16/50] Обрабатываем пользователя: alena.fisenko
2025-07-14 13:19:59,175 - INFO - ⏭ Пользователь alena.fisenko уже мигрирован, пропускаем
2025-07-14 13:19:59,175 - INFO - [17/50] Обрабатываем пользователя: julia.simonova
2025-07-14 13:19:59,175 - INFO - ⏭ Пользователь julia.simonova уже мигрирован, пропускаем
2025-07-14 13:19:59,176 - INFO - [18/50] Обрабатываем пользователя: akim.vladimirsky
2025-07-14 13:19:59,176 - INFO - ⏭ Пользователь akim.vladimirsky уже мигрирован, пропускаем
2025-07-14 13:19:59,176 - INFO - [19/50] Обрабатываем пользователя: anton.mochalov
2025-07-14 13:19:59,176 - INFO - ⏭ Пользователь anton.mochalov уже мигрирован, пропускаем
2025-07-14 13:19:59,176 - INFO - [20/50] Обрабатываем пользователя: alexander.anokhin
2025-07-14 13:19:59,176 - INFO - ⏭ Пользователь alexander.anokhin уже мигрирован, пропускаем
2025-07-14 13:19:59,176 - INFO - [21/50] Обрабатываем пользователя: ivan.pinezhaninov
2025-07-14 13:19:59,176 - INFO - ⏭ Пользователь ivan.pinezhaninov уже мигрирован, пропускаем
2025-07-14 13:19:59,176 - INFO - [22/50] Обрабатываем пользователя: maxim.churakov
2025-07-14 13:19:59,176 - INFO - ⏭ Пользователь maxim.churakov уже мигрирован, пропускаем
2025-07-14 13:19:59,176 - INFO - [23/50] Обрабатываем пользователя: yuri.penkin
2025-07-14 13:19:59,176 - INFO - ⏭ Пользователь yuri.penkin уже мигрирован, пропускаем
2025-07-14 13:19:59,176 - INFO - [24/50] Обрабатываем пользователя: sergey.dolmatskiy
2025-07-14 13:19:59,177 - INFO - ⏭ Пользователь sergey.dolmatskiy уже мигрирован, пропускаем
2025-07-14 13:19:59,177 - INFO - [25/50] Обрабатываем пользователя: anna.akhmadieva
2025-07-14 13:19:59,177 - INFO - ⏭ Пользователь anna.akhmadieva уже мигрирован, пропускаем
2025-07-14 13:19:59,178 - INFO - [26/50] Обрабатываем пользователя: sergey.vetoshkin
2025-07-14 13:19:59,178 - INFO - ⏭ Пользователь sergey.vetoshkin уже мигрирован, пропускаем
2025-07-14 13:19:59,178 - INFO - [27/50] Обрабатываем пользователя: andrey.ivanov
2025-07-14 13:19:59,178 - INFO - ⏭ Пользователь andrey.ivanov уже мигрирован, пропускаем
2025-07-14 13:19:59,178 - INFO - [28/50] Обрабатываем пользователя: olga.molchanova
2025-07-14 13:19:59,178 - INFO - ⏭ Пользователь olga.molchanova уже мигрирован, пропускаем
2025-07-14 13:19:59,178 - INFO - [29/50] Обрабатываем пользователя: artem.petrunin
2025-07-14 13:19:59,178 - INFO - ⏭ Пользователь artem.petrunin уже мигрирован, пропускаем
2025-07-14 13:19:59,178 - INFO - [30/50] Обрабатываем пользователя: mikhail.bakursky
2025-07-14 13:19:59,178 - INFO - ⏭ Пользователь mikhail.bakursky уже мигрирован, пропускаем
2025-07-14 13:19:59,178 - INFO - [31/50] Обрабатываем пользователя: vitaly.kulabuhov
2025-07-14 13:19:59,178 - INFO - ⏭ Пользователь vitaly.kulabuhov уже мигрирован, пропускаем
2025-07-14 13:19:59,178 - INFO - [32/50] Обрабатываем пользователя: inna.pavlutenkova
2025-07-14 13:19:59,178 - INFO - ⏭ Пользователь inna.pavlutenkova уже мигрирован, пропускаем
2025-07-14 13:19:59,178 - INFO - [33/50] Обрабатываем пользователя: leonid.iakovlev
2025-07-14 13:19:59,178 - INFO - ⏭ Пользователь leonid.iakovlev уже мигрирован, пропускаем
2025-07-14 13:19:59,178 - INFO - [34/50] Обрабатываем пользователя: egor.tsvetkov
2025-07-14 13:19:59,178 - INFO - ⏭ Пользователь egor.tsvetkov уже мигрирован, пропускаем
2025-07-14 13:19:59,178 - INFO - [35/50] Обрабатываем пользователя: nadejda.morozova
2025-07-14 13:19:59,178 - INFO - ⏭ Пользователь nadejda.morozova уже мигрирован, пропускаем
2025-07-14 13:19:59,178 - INFO - [36/50] Обрабатываем пользователя: nikita.panchenko
2025-07-14 13:19:59,179 - INFO - ⏭ Пользователь nikita.panchenko уже мигрирован, пропускаем
2025-07-14 13:19:59,179 - INFO - [37/50] Обрабатываем пользователя: ksenia.zaika
2025-07-14 13:19:59,179 - INFO - ⏭ Пользователь ksenia.zaika уже мигрирован, пропускаем
2025-07-14 13:19:59,179 - INFO - [38/50] Обрабатываем пользователя: bagaudin.parchiev
2025-07-14 13:19:59,179 - INFO - ⏭ Пользователь bagaudin.parchiev уже мигрирован, пропускаем
2025-07-14 13:19:59,179 - INFO - [39/50] Обрабатываем пользователя: igor.spiridonov
2025-07-14 13:19:59,179 - INFO - ⏭ Пользователь igor.spiridonov уже мигрирован, пропускаем
2025-07-14 13:19:59,179 - INFO - [40/50] Обрабатываем пользователя: viktoria.shakhno
2025-07-14 13:19:59,179 - INFO - ⏭ Пользователь viktoria.shakhno уже мигрирован, пропускаем
2025-07-14 13:19:59,179 - INFO - [41/50] Обрабатываем пользователя: konstantin.zhukov
2025-07-14 13:19:59,179 - INFO - ⏭ Пользователь konstantin.zhukov уже мигрирован, пропускаем
2025-07-14 13:19:59,179 - INFO - [42/50] Обрабатываем пользователя: natalia.radetskaya
2025-07-14 13:19:59,179 - INFO - ⏭ Пользователь natalia.radetskaya уже мигрирован, пропускаем
2025-07-14 13:19:59,179 - INFO - [43/50] Обрабатываем пользователя: roman.katrenko
2025-07-14 13:19:59,179 - INFO - ⏭ Пользователь roman.katrenko уже мигрирован, пропускаем
2025-07-14 13:19:59,179 - INFO - [44/50] Обрабатываем пользователя: irina.datsevich
2025-07-14 13:19:59,179 - INFO - ⏭ Пользователь irina.datsevich уже мигрирован, пропускаем
2025-07-14 13:19:59,179 - INFO - [45/50] Обрабатываем пользователя: lyudmila.nacharova
2025-07-14 13:19:59,179 - INFO - ⏭ Пользователь lyudmila.nacharova уже мигрирован, пропускаем
2025-07-14 13:19:59,179 - INFO - [46/50] Обрабатываем пользователя: dmitry.savickiy
2025-07-14 13:19:59,179 - INFO - ⏭ Пользователь dmitry.savickiy уже мигрирован, пропускаем
2025-07-14 13:19:59,179 - INFO - [47/50] Обрабатываем пользователя: viktor.kornilov
2025-07-14 13:19:59,180 - INFO - ⏭ Пользователь viktor.kornilov уже мигрирован, пропускаем
2025-07-14 13:19:59,180 - INFO - [48/50] Обрабатываем пользователя: vyacheslav.khalyako
2025-07-14 13:19:59,180 - INFO - ⏭ Пользователь vyacheslav.khalyako уже мигрирован, пропускаем
2025-07-14 13:19:59,180 - INFO - [49/50] Обрабатываем пользователя: daria.sorokina
2025-07-14 13:19:59,180 - INFO - ⏭ Пользователь daria.sorokina уже мигрирован, пропускаем
2025-07-14 13:19:59,180 - INFO - [50/50] Обрабатываем пользователя: evgeny.tyryganov.cgp
2025-07-14 13:19:59,180 - INFO - ⏭ Пользователь evgeny.tyryganov.cgp уже мигрирован, пропускаем
2025-07-14 13:19:59,180 - INFO - Маппинг пользователей сохранен в user_mapping.json
2025-07-14 13:19:59,181 - INFO - ==================================================
2025-07-14 13:19:59,181 - INFO - РЕЗУЛЬТАТЫ ЭТАПА 1:
2025-07-14 13:19:59,181 - INFO - ✓ Успешно создано: 1
2025-07-14 13:19:59,181 - INFO - ⏭ Пропущено (уже существуют): 49
2025-07-14 13:19:59,181 - INFO - ✗ Ошибок: 0
2025-07-14 13:19:59,181 - INFO - 📊 Всего в маппинге: 2
2025-07-14 13:19:59,181 - INFO - ==================================================
2025-07-14 13:19:59,181 - INFO - 🎉 ЭТАП 1 ЗАВЕРШЕН УСПЕШНО!
2025-07-14 13:19:59,181 - INFO - Теперь можно запустить step2_projects_migration.py
2025-07-14 13:42:28,116 - INFO - ==================================================
2025-07-14 13:42:28,117 - INFO - ЭТАП 1: МИГРАЦИЯ ПОЛЬЗОВАТЕЛЕЙ
2025-07-14 13:42:28,117 - INFO - ==================================================
2025-07-14 13:42:28,489 - INFO - ✓ YouTrack: подключение успешно, пользователь None
2025-07-14 13:42:28,494 - INFO - Загружен существующий маппинг: 1 пользователей
2025-07-14 13:42:28,494 - INFO - Получение пользователей с пагинацией...
2025-07-14 13:42:29,015 - INFO -   Страница 1: получено 50 пользователей
2025-07-14 13:42:29,616 - INFO -   Страница 2: получено 50 пользователей
2025-07-14 13:42:30,171 - INFO -   Страница 3: получено 25 пользователей
2025-07-14 13:42:30,171 - INFO -   Последняя страница достигнута
2025-07-14 13:42:30,172 - INFO - Всего получено 125 пользователей из Yandex Tracker
2025-07-14 13:42:30,172 - INFO - Начинаем миграцию 125 пользователей...
2025-07-14 13:42:30,172 - INFO - [1/125] Обрабатываем пользователя: ch1serg
2025-07-14 13:42:30,308 - WARNING - ⚠ Пользователь ch1serg уже существует
2025-07-14 13:42:30,902 - INFO - [2/125] Обрабатываем пользователя: cyberbobs
2025-07-14 13:42:30,903 - INFO - ⏭ Пользователь cyberbobs уже мигрирован, пропускаем
2025-07-14 13:42:30,903 - INFO - [3/125] Обрабатываем пользователя: igor.egorov87
2025-07-14 13:42:30,903 - INFO - ⏭ Пользователь igor.egorov87 уже мигрирован, пропускаем
2025-07-14 13:42:30,903 - INFO - [4/125] Обрабатываем пользователя: yndx-tracker-cnt-robot
2025-07-14 13:42:30,904 - INFO - ⏭ Пользователь yndx-tracker-cnt-robot уже мигрирован, пропускаем
2025-07-14 13:42:30,906 - INFO - [5/125] Обрабатываем пользователя: yndx-wiki-cnt-robot
2025-07-14 13:42:30,907 - INFO - ⏭ Пользователь yndx-wiki-cnt-robot уже мигрирован, пропускаем
2025-07-14 13:42:30,907 - INFO - [6/125] Обрабатываем пользователя: yndx-forms-cnt-robot
2025-07-14 13:42:30,907 - INFO - ⏭ Пользователь yndx-forms-cnt-robot уже мигрирован, пропускаем
2025-07-14 13:42:30,907 - INFO - [7/125] Обрабатываем пользователя: di.star1999
2025-07-14 13:42:30,907 - INFO - ⏭ Пользователь di.star1999 уже мигрирован, пропускаем
2025-07-14 13:42:30,907 - INFO - [8/125] Обрабатываем пользователя: cgate.demo
2025-07-14 13:42:30,907 - INFO - ⏭ Пользователь cgate.demo уже мигрирован, пропускаем
2025-07-14 13:42:30,907 - INFO - [9/125] Обрабатываем пользователя: communigate.pro
2025-07-14 13:42:30,907 - INFO - ⏭ Пользователь communigate.pro уже мигрирован, пропускаем
2025-07-14 13:42:30,907 - INFO - [10/125] Обрабатываем пользователя: vladimirskiy
2025-07-14 13:42:30,907 - INFO - ⏭ Пользователь vladimirskiy уже мигрирован, пропускаем
2025-07-14 13:42:30,907 - INFO - [11/125] Обрабатываем пользователя: alexandr.denisov
2025-07-14 13:42:30,907 - INFO - ⏭ Пользователь alexandr.denisov уже мигрирован, пропускаем
2025-07-14 13:42:30,907 - INFO - [12/125] Обрабатываем пользователя: dmitry.starovoytov
2025-07-14 13:42:30,907 - INFO - ⏭ Пользователь dmitry.starovoytov уже мигрирован, пропускаем
2025-07-14 13:42:30,907 - INFO - [13/125] Обрабатываем пользователя: sergey.chupris
2025-07-14 13:42:30,907 - INFO - ⏭ Пользователь sergey.chupris уже мигрирован, пропускаем
2025-07-14 13:42:30,907 - INFO - [14/125] Обрабатываем пользователя: adm
2025-07-14 13:42:30,907 - INFO - ⏭ Пользователь adm уже мигрирован, пропускаем
2025-07-14 13:42:30,908 - INFO - [15/125] Обрабатываем пользователя: boris.moiseev
2025-07-14 13:42:30,908 - INFO - ⏭ Пользователь boris.moiseev уже мигрирован, пропускаем
2025-07-14 13:42:30,908 - INFO - [16/125] Обрабатываем пользователя: alena.fisenko
2025-07-14 13:42:30,908 - INFO - ⏭ Пользователь alena.fisenko уже мигрирован, пропускаем
2025-07-14 13:42:30,908 - INFO - [17/125] Обрабатываем пользователя: julia.simonova
2025-07-14 13:42:30,908 - INFO - ⏭ Пользователь julia.simonova уже мигрирован, пропускаем
2025-07-14 13:42:30,908 - INFO - [18/125] Обрабатываем пользователя: akim.vladimirsky
2025-07-14 13:42:30,908 - INFO - ⏭ Пользователь akim.vladimirsky уже мигрирован, пропускаем
2025-07-14 13:42:30,908 - INFO - [19/125] Обрабатываем пользователя: anton.mochalov
2025-07-14 13:42:30,908 - INFO - ⏭ Пользователь anton.mochalov уже мигрирован, пропускаем
2025-07-14 13:42:30,908 - INFO - [20/125] Обрабатываем пользователя: alexander.anokhin
2025-07-14 13:42:30,908 - INFO - ⏭ Пользователь alexander.anokhin уже мигрирован, пропускаем
2025-07-14 13:42:30,908 - INFO - [21/125] Обрабатываем пользователя: ivan.pinezhaninov
2025-07-14 13:42:30,908 - INFO - ⏭ Пользователь ivan.pinezhaninov уже мигрирован, пропускаем
2025-07-14 13:42:30,908 - INFO - [22/125] Обрабатываем пользователя: maxim.churakov
2025-07-14 13:42:30,909 - INFO - ⏭ Пользователь maxim.churakov уже мигрирован, пропускаем
2025-07-14 13:42:30,909 - INFO - [23/125] Обрабатываем пользователя: yuri.penkin
2025-07-14 13:42:30,909 - INFO - ⏭ Пользователь yuri.penkin уже мигрирован, пропускаем
2025-07-14 13:42:30,909 - INFO - [24/125] Обрабатываем пользователя: sergey.dolmatskiy
2025-07-14 13:42:30,909 - INFO - ⏭ Пользователь sergey.dolmatskiy уже мигрирован, пропускаем
2025-07-14 13:42:30,909 - INFO - [25/125] Обрабатываем пользователя: anna.akhmadieva
2025-07-14 13:42:30,909 - INFO - ⏭ Пользователь anna.akhmadieva уже мигрирован, пропускаем
2025-07-14 13:42:30,909 - INFO - [26/125] Обрабатываем пользователя: sergey.vetoshkin
2025-07-14 13:42:30,909 - INFO - ⏭ Пользователь sergey.vetoshkin уже мигрирован, пропускаем
2025-07-14 13:42:30,909 - INFO - [27/125] Обрабатываем пользователя: andrey.ivanov
2025-07-14 13:42:30,909 - INFO - ⏭ Пользователь andrey.ivanov уже мигрирован, пропускаем
2025-07-14 13:42:30,909 - INFO - [28/125] Обрабатываем пользователя: olga.molchanova
2025-07-14 13:42:30,909 - INFO - ⏭ Пользователь olga.molchanova уже мигрирован, пропускаем
2025-07-14 13:42:30,909 - INFO - [29/125] Обрабатываем пользователя: artem.petrunin
2025-07-14 13:42:30,909 - INFO - ⏭ Пользователь artem.petrunin уже мигрирован, пропускаем
2025-07-14 13:42:30,909 - INFO - [30/125] Обрабатываем пользователя: mikhail.bakursky
2025-07-14 13:42:30,909 - INFO - ⏭ Пользователь mikhail.bakursky уже мигрирован, пропускаем
2025-07-14 13:42:30,909 - INFO - [31/125] Обрабатываем пользователя: vitaly.kulabuhov
2025-07-14 13:42:30,910 - INFO - ⏭ Пользователь vitaly.kulabuhov уже мигрирован, пропускаем
2025-07-14 13:42:30,910 - INFO - [32/125] Обрабатываем пользователя: inna.pavlutenkova
2025-07-14 13:42:30,910 - INFO - ⏭ Пользователь inna.pavlutenkova уже мигрирован, пропускаем
2025-07-14 13:42:30,910 - INFO - [33/125] Обрабатываем пользователя: leonid.iakovlev
2025-07-14 13:42:30,910 - INFO - ⏭ Пользователь leonid.iakovlev уже мигрирован, пропускаем
2025-07-14 13:42:30,910 - INFO - [34/125] Обрабатываем пользователя: egor.tsvetkov
2025-07-14 13:42:30,910 - INFO - ⏭ Пользователь egor.tsvetkov уже мигрирован, пропускаем
2025-07-14 13:42:30,910 - INFO - [35/125] Обрабатываем пользователя: nadejda.morozova
2025-07-14 13:42:30,910 - INFO - ⏭ Пользователь nadejda.morozova уже мигрирован, пропускаем
2025-07-14 13:42:30,910 - INFO - [36/125] Обрабатываем пользователя: nikita.panchenko
2025-07-14 13:42:30,910 - INFO - ⏭ Пользователь nikita.panchenko уже мигрирован, пропускаем
2025-07-14 13:42:30,910 - INFO - [37/125] Обрабатываем пользователя: ksenia.zaika
2025-07-14 13:42:30,910 - INFO - ⏭ Пользователь ksenia.zaika уже мигрирован, пропускаем
2025-07-14 13:42:30,910 - INFO - [38/125] Обрабатываем пользователя: bagaudin.parchiev
2025-07-14 13:42:30,910 - INFO - ⏭ Пользователь bagaudin.parchiev уже мигрирован, пропускаем
2025-07-14 13:42:30,910 - INFO - [39/125] Обрабатываем пользователя: igor.spiridonov
2025-07-14 13:42:30,910 - INFO - ⏭ Пользователь igor.spiridonov уже мигрирован, пропускаем
2025-07-14 13:42:30,910 - INFO - [40/125] Обрабатываем пользователя: viktoria.shakhno
2025-07-14 13:42:30,910 - INFO - ⏭ Пользователь viktoria.shakhno уже мигрирован, пропускаем
2025-07-14 13:42:30,910 - INFO - [41/125] Обрабатываем пользователя: konstantin.zhukov
2025-07-14 13:42:30,910 - INFO - ⏭ Пользователь konstantin.zhukov уже мигрирован, пропускаем
2025-07-14 13:42:30,910 - INFO - [42/125] Обрабатываем пользователя: natalia.radetskaya
2025-07-14 13:42:30,911 - INFO - ⏭ Пользователь natalia.radetskaya уже мигрирован, пропускаем
2025-07-14 13:42:30,911 - INFO - [43/125] Обрабатываем пользователя: roman.katrenko
2025-07-14 13:42:30,911 - INFO - ⏭ Пользователь roman.katrenko уже мигрирован, пропускаем
2025-07-14 13:42:30,911 - INFO - [44/125] Обрабатываем пользователя: irina.datsevich
2025-07-14 13:42:30,911 - INFO - ⏭ Пользователь irina.datsevich уже мигрирован, пропускаем
2025-07-14 13:42:30,911 - INFO - [45/125] Обрабатываем пользователя: lyudmila.nacharova
2025-07-14 13:42:30,911 - INFO - ⏭ Пользователь lyudmila.nacharova уже мигрирован, пропускаем
2025-07-14 13:42:30,911 - INFO - [46/125] Обрабатываем пользователя: dmitry.savickiy
2025-07-14 13:42:30,911 - INFO - ⏭ Пользователь dmitry.savickiy уже мигрирован, пропускаем
2025-07-14 13:42:30,911 - INFO - [47/125] Обрабатываем пользователя: viktor.kornilov
2025-07-14 13:42:30,911 - INFO - ⏭ Пользователь viktor.kornilov уже мигрирован, пропускаем
2025-07-14 13:42:30,911 - INFO - [48/125] Обрабатываем пользователя: vyacheslav.khalyako
2025-07-14 13:42:30,911 - INFO - ⏭ Пользователь vyacheslav.khalyako уже мигрирован, пропускаем
2025-07-14 13:42:30,911 - INFO - [49/125] Обрабатываем пользователя: daria.sorokina
2025-07-14 13:42:30,911 - INFO - ⏭ Пользователь daria.sorokina уже мигрирован, пропускаем
2025-07-14 13:42:30,911 - INFO - [50/125] Обрабатываем пользователя: evgeny.tyryganov.cgp
2025-07-14 13:42:30,911 - INFO - ⏭ Пользователь evgeny.tyryganov.cgp уже мигрирован, пропускаем
2025-07-14 13:42:30,911 - INFO - [51/125] Обрабатываем пользователя: ekaterina.ryzhova
2025-07-14 13:42:30,911 - INFO - ⏭ Пользователь ekaterina.ryzhova уже мигрирован, пропускаем
2025-07-14 13:42:30,911 - INFO - [52/125] Обрабатываем пользователя: evgeny.tyryganov
2025-07-14 13:42:30,911 - INFO - ⏭ Пользователь evgeny.tyryganov уже мигрирован, пропускаем
2025-07-14 13:42:30,911 - INFO - [53/125] Обрабатываем пользователя: olmer.mezin
2025-07-14 13:42:30,912 - INFO - ⏭ Пользователь olmer.mezin уже мигрирован, пропускаем
2025-07-14 13:42:30,912 - INFO - [54/125] Обрабатываем пользователя: yuri.mezin
2025-07-14 13:42:30,912 - INFO - ⏭ Пользователь yuri.mezin уже мигрирован, пропускаем
2025-07-14 13:42:30,912 - INFO - [55/125] Обрабатываем пользователя: alexxandr
2025-07-14 13:42:30,912 - INFO - ⏭ Пользователь alexxandr уже мигрирован, пропускаем
2025-07-14 13:42:30,912 - INFO - [56/125] Обрабатываем пользователя: ivan.efremov
2025-07-14 13:42:30,912 - INFO - ⏭ Пользователь ivan.efremov уже мигрирован, пропускаем
2025-07-14 13:42:30,912 - INFO - [57/125] Обрабатываем пользователя: igor.egorov
2025-07-14 13:42:30,912 - INFO - ⏭ Пользователь igor.egorov уже мигрирован, пропускаем
2025-07-14 13:42:30,912 - INFO - [58/125] Обрабатываем пользователя: m.y.naletov
2025-07-14 13:42:30,912 - INFO - ⏭ Пользователь m.y.naletov уже мигрирован, пропускаем
2025-07-14 13:42:30,912 - INFO - [59/125] Обрабатываем пользователя: maxim.naletov
2025-07-14 13:42:30,912 - INFO - ⏭ Пользователь maxim.naletov уже мигрирован, пропускаем
2025-07-14 13:42:30,912 - INFO - [60/125] Обрабатываем пользователя: germandm
2025-07-14 13:42:30,912 - INFO - ⏭ Пользователь germandm уже мигрирован, пропускаем
2025-07-14 13:42:30,912 - INFO - [61/125] Обрабатываем пользователя: sergey.grishin
2025-07-14 13:42:30,912 - INFO - ⏭ Пользователь sergey.grishin уже мигрирован, пропускаем
2025-07-14 13:42:30,913 - INFO - [62/125] Обрабатываем пользователя: serafima.lebedeva
2025-07-14 13:42:30,913 - INFO - ⏭ Пользователь serafima.lebedeva уже мигрирован, пропускаем
2025-07-14 13:42:30,913 - INFO - [63/125] Обрабатываем пользователя: rodion.denisov
2025-07-14 13:42:30,913 - INFO - ⏭ Пользователь rodion.denisov уже мигрирован, пропускаем
2025-07-14 13:42:30,913 - INFO - [64/125] Обрабатываем пользователя: ahhehkob
2025-07-14 13:42:30,913 - INFO - ⏭ Пользователь ahhehkob уже мигрирован, пропускаем
2025-07-14 13:42:30,913 - INFO - [65/125] Обрабатываем пользователя: yuri.voronov1963
2025-07-14 13:42:30,913 - INFO - ⏭ Пользователь yuri.voronov1963 уже мигрирован, пропускаем
2025-07-14 13:42:30,913 - INFO - [66/125] Обрабатываем пользователя: igor.dmitriev
2025-07-14 13:42:30,913 - INFO - ⏭ Пользователь igor.dmitriev уже мигрирован, пропускаем
2025-07-14 13:42:30,913 - INFO - [67/125] Обрабатываем пользователя: julia.korol
2025-07-14 13:42:30,913 - INFO - ⏭ Пользователь julia.korol уже мигрирован, пропускаем
2025-07-14 13:42:30,913 - INFO - [68/125] Обрабатываем пользователя: maxim.ishevsky
2025-07-14 13:42:30,913 - INFO - ⏭ Пользователь maxim.ishevsky уже мигрирован, пропускаем
2025-07-14 13:42:30,913 - INFO - [69/125] Обрабатываем пользователя: sergey.seleznev
2025-07-14 13:42:30,913 - INFO - ⏭ Пользователь sergey.seleznev уже мигрирован, пропускаем
2025-07-14 13:42:30,913 - INFO - [70/125] Обрабатываем пользователя: olga.tolochina
2025-07-14 13:42:30,913 - INFO - ⏭ Пользователь olga.tolochina уже мигрирован, пропускаем
2025-07-14 13:42:30,913 - INFO - [71/125] Обрабатываем пользователя: uralgartman28
2025-07-14 13:42:30,913 - INFO - ⏭ Пользователь uralgartman28 уже мигрирован, пропускаем
2025-07-14 13:42:30,913 - INFO - [72/125] Обрабатываем пользователя: ekaterina.kochetova
2025-07-14 13:42:30,913 - INFO - ⏭ Пользователь ekaterina.kochetova уже мигрирован, пропускаем
2025-07-14 13:42:30,913 - INFO - [73/125] Обрабатываем пользователя: valeriya.iskorneva
2025-07-14 13:42:30,913 - INFO - ⏭ Пользователь valeriya.iskorneva уже мигрирован, пропускаем
2025-07-14 13:42:30,914 - INFO - [74/125] Обрабатываем пользователя: mikhail.serebrennikov
2025-07-14 13:42:30,914 - INFO - ⏭ Пользователь mikhail.serebrennikov уже мигрирован, пропускаем
2025-07-14 13:42:30,914 - INFO - [75/125] Обрабатываем пользователя: alena.shipilova
2025-07-14 13:42:30,914 - INFO - ⏭ Пользователь alena.shipilova уже мигрирован, пропускаем
2025-07-14 13:42:30,914 - INFO - [76/125] Обрабатываем пользователя: stanislav.materov
2025-07-14 13:42:30,914 - INFO - ⏭ Пользователь stanislav.materov уже мигрирован, пропускаем
2025-07-14 13:42:30,914 - INFO - [77/125] Обрабатываем пользователя: anton.shport
2025-07-14 13:42:30,914 - INFO - ⏭ Пользователь anton.shport уже мигрирован, пропускаем
2025-07-14 13:42:30,914 - INFO - [78/125] Обрабатываем пользователя: julia.druzhkova
2025-07-14 13:42:30,914 - INFO - ⏭ Пользователь julia.druzhkova уже мигрирован, пропускаем
2025-07-14 13:42:30,914 - INFO - [79/125] Обрабатываем пользователя: lewstherintelamon
2025-07-14 13:42:30,914 - INFO - ⏭ Пользователь lewstherintelamon уже мигрирован, пропускаем
2025-07-14 13:42:30,914 - INFO - [80/125] Обрабатываем пользователя: ivan.ischenko
2025-07-14 13:42:30,914 - INFO - ⏭ Пользователь ivan.ischenko уже мигрирован, пропускаем
2025-07-14 13:42:30,914 - INFO - [81/125] Обрабатываем пользователя: alexander.karavaev
2025-07-14 13:42:30,914 - INFO - ⏭ Пользователь alexander.karavaev уже мигрирован, пропускаем
2025-07-14 13:42:30,914 - INFO - [82/125] Обрабатываем пользователя: mapi
2025-07-14 13:42:30,915 - INFO - ⏭ Пользователь mapi уже мигрирован, пропускаем
2025-07-14 13:42:30,915 - INFO - [83/125] Обрабатываем пользователя: igor.dolzhenkov
2025-07-14 13:42:30,915 - INFO - ⏭ Пользователь igor.dolzhenkov уже мигрирован, пропускаем
2025-07-14 13:42:30,915 - INFO - [84/125] Обрабатываем пользователя: alexander.buravtsov
2025-07-14 13:42:30,915 - INFO - ⏭ Пользователь alexander.buravtsov уже мигрирован, пропускаем
2025-07-14 13:42:30,915 - INFO - [85/125] Обрабатываем пользователя: savelii.cherenkov
2025-07-14 13:42:30,915 - INFO - ⏭ Пользователь savelii.cherenkov уже мигрирован, пропускаем
2025-07-14 13:42:30,915 - INFO - [86/125] Обрабатываем пользователя: anzor.gergov
2025-07-14 13:42:30,915 - INFO - ⏭ Пользователь anzor.gergov уже мигрирован, пропускаем
2025-07-14 13:42:30,915 - INFO - [87/125] Обрабатываем пользователя: isk365
2025-07-14 13:42:30,915 - INFO - ⏭ Пользователь isk365 уже мигрирован, пропускаем
2025-07-14 13:42:30,915 - INFO - [88/125] Обрабатываем пользователя: maikelluri
2025-07-14 13:42:30,915 - INFO - ⏭ Пользователь maikelluri уже мигрирован, пропускаем
2025-07-14 13:42:30,915 - INFO - [89/125] Обрабатываем пользователя: egor.panteleev
2025-07-14 13:42:30,915 - INFO - ⏭ Пользователь egor.panteleev уже мигрирован, пропускаем
2025-07-14 13:42:30,915 - INFO - [90/125] Обрабатываем пользователя: mohdanbarzankaev
2025-07-14 13:42:30,915 - INFO - ⏭ Пользователь mohdanbarzankaev уже мигрирован, пропускаем
2025-07-14 13:42:30,916 - INFO - [91/125] Обрабатываем пользователя: mohdan.barzankaev
2025-07-14 13:42:30,916 - INFO - ⏭ Пользователь mohdan.barzankaev уже мигрирован, пропускаем
2025-07-14 13:42:30,916 - INFO - [92/125] Обрабатываем пользователя: team.support
2025-07-14 13:42:30,916 - INFO - ⏭ Пользователь team.support уже мигрирован, пропускаем
2025-07-14 13:42:30,916 - INFO - [93/125] Обрабатываем пользователя: maxim.galitsyn
2025-07-14 13:42:30,916 - INFO - ⏭ Пользователь maxim.galitsyn уже мигрирован, пропускаем
2025-07-14 13:42:30,916 - INFO - [94/125] Обрабатываем пользователя: support
2025-07-14 13:42:30,916 - INFO - ⏭ Пользователь support уже мигрирован, пропускаем
2025-07-14 13:42:30,916 - INFO - [95/125] Обрабатываем пользователя: azatazatec
2025-07-14 13:42:30,916 - INFO - ⏭ Пользователь azatazatec уже мигрирован, пропускаем
2025-07-14 13:42:30,917 - INFO - [96/125] Обрабатываем пользователя: victor.kanygin
2025-07-14 13:42:30,917 - INFO - ⏭ Пользователь victor.kanygin уже мигрирован, пропускаем
2025-07-14 13:42:30,917 - INFO - [97/125] Обрабатываем пользователя: natalia.kuznetsova
2025-07-14 13:42:30,917 - INFO - ⏭ Пользователь natalia.kuznetsova уже мигрирован, пропускаем
2025-07-14 13:42:30,917 - INFO - [98/125] Обрабатываем пользователя: andrey.korzhevin
2025-07-14 13:42:30,917 - INFO - ⏭ Пользователь andrey.korzhevin уже мигрирован, пропускаем
2025-07-14 13:42:30,917 - INFO - [99/125] Обрабатываем пользователя: irina.belyaninova
2025-07-14 13:42:30,917 - INFO - ⏭ Пользователь irina.belyaninova уже мигрирован, пропускаем
2025-07-14 13:42:30,917 - INFO - [100/125] Обрабатываем пользователя: alina.smaznova
2025-07-14 13:42:30,917 - INFO - ⏭ Пользователь alina.smaznova уже мигрирован, пропускаем
2025-07-14 13:42:30,917 - INFO - [101/125] Обрабатываем пользователя: nikita.bige
2025-07-14 13:42:30,917 - INFO - ⏭ Пользователь nikita.bige уже мигрирован, пропускаем
2025-07-14 13:42:30,917 - INFO - [102/125] Обрабатываем пользователя: dinislam.vakhitov
2025-07-14 13:42:30,917 - INFO - ⏭ Пользователь dinislam.vakhitov уже мигрирован, пропускаем
2025-07-14 13:42:30,917 - INFO - [103/125] Обрабатываем пользователя: azat.kamaletdinov
2025-07-14 13:42:30,917 - INFO - ⏭ Пользователь azat.kamaletdinov уже мигрирован, пропускаем
2025-07-14 13:42:30,918 - INFO - [104/125] Обрабатываем пользователя: svetlana.anisimova
2025-07-14 13:42:30,918 - INFO - ⏭ Пользователь svetlana.anisimova уже мигрирован, пропускаем
2025-07-14 13:42:30,918 - INFO - [105/125] Обрабатываем пользователя: khalid.asadulaev
2025-07-14 13:42:30,918 - INFO - ⏭ Пользователь khalid.asadulaev уже мигрирован, пропускаем
2025-07-14 13:42:30,918 - INFO - [106/125] Обрабатываем пользователя: tamara.fedorova
2025-07-14 13:42:30,918 - INFO - ⏭ Пользователь tamara.fedorova уже мигрирован, пропускаем
2025-07-14 13:42:30,918 - INFO - [107/125] Обрабатываем пользователя: irina.sadch
2025-07-14 13:42:30,918 - INFO - ⏭ Пользователь irina.sadch уже мигрирован, пропускаем
2025-07-14 13:42:30,918 - INFO - [108/125] Обрабатываем пользователя: irina.sadchikova
2025-07-14 13:42:30,918 - INFO - ⏭ Пользователь irina.sadchikova уже мигрирован, пропускаем
2025-07-14 13:42:30,918 - INFO - [109/125] Обрабатываем пользователя: ekaterina.klimenteva
2025-07-14 13:42:30,918 - INFO - ⏭ Пользователь ekaterina.klimenteva уже мигрирован, пропускаем
2025-07-14 13:42:30,918 - INFO - [110/125] Обрабатываем пользователя: irina.zelentsova
2025-07-14 13:42:30,918 - INFO - ⏭ Пользователь irina.zelentsova уже мигрирован, пропускаем
2025-07-14 13:42:30,918 - INFO - [111/125] Обрабатываем пользователя: ratmir.khannanov
2025-07-14 13:42:30,919 - INFO - ⏭ Пользователь ratmir.khannanov уже мигрирован, пропускаем
2025-07-14 13:42:30,919 - INFO - [112/125] Обрабатываем пользователя: mariia.khoroshenkova
2025-07-14 13:42:30,919 - INFO - ⏭ Пользователь mariia.khoroshenkova уже мигрирован, пропускаем
2025-07-14 13:42:30,919 - INFO - [113/125] Обрабатываем пользователя: mikhail.lepasson
2025-07-14 13:42:30,919 - INFO - ⏭ Пользователь mikhail.lepasson уже мигрирован, пропускаем
2025-07-14 13:42:30,919 - INFO - [114/125] Обрабатываем пользователя: georgii.khromchenkov
2025-07-14 13:42:30,919 - INFO - ⏭ Пользователь georgii.khromchenkov уже мигрирован, пропускаем
2025-07-14 13:42:30,919 - INFO - [115/125] Обрабатываем пользователя: roman.pavlov
2025-07-14 13:42:30,919 - INFO - ⏭ Пользователь roman.pavlov уже мигрирован, пропускаем
2025-07-14 13:42:30,919 - INFO - [116/125] Обрабатываем пользователя: maksim.bukharin
2025-07-14 13:42:30,919 - INFO - ⏭ Пользователь maksim.bukharin уже мигрирован, пропускаем
2025-07-14 13:42:30,919 - INFO - [117/125] Обрабатываем пользователя: petrovez_r
2025-07-14 13:42:30,919 - INFO - ⏭ Пользователь petrovez_r уже мигрирован, пропускаем
2025-07-14 13:42:30,920 - INFO - [118/125] Обрабатываем пользователя: vyacheslavcg.petrovets
2025-07-14 13:42:30,920 - INFO - ⏭ Пользователь vyacheslavcg.petrovets уже мигрирован, пропускаем
2025-07-14 13:42:30,920 - INFO - [119/125] Обрабатываем пользователя: viacheslav.petrovets
2025-07-14 13:42:30,920 - INFO - ⏭ Пользователь viacheslav.petrovets уже мигрирован, пропускаем
2025-07-14 13:42:30,920 - INFO - [120/125] Обрабатываем пользователя: andrei.raikov
2025-07-14 13:42:30,920 - INFO - ⏭ Пользователь andrei.raikov уже мигрирован, пропускаем
2025-07-14 13:42:30,920 - INFO - [121/125] Обрабатываем пользователя: anna.goriacheva
2025-07-14 13:42:30,920 - INFO - ⏭ Пользователь anna.goriacheva уже мигрирован, пропускаем
2025-07-14 13:42:30,920 - INFO - [122/125] Обрабатываем пользователя: magomedemin.gadzhiev
2025-07-14 13:42:30,920 - INFO - ⏭ Пользователь magomedemin.gadzhiev уже мигрирован, пропускаем
2025-07-14 13:42:30,920 - INFO - [123/125] Обрабатываем пользователя: mariia.akimova
2025-07-14 13:42:30,920 - INFO - ⏭ Пользователь mariia.akimova уже мигрирован, пропускаем
2025-07-14 13:42:30,920 - INFO - [124/125] Обрабатываем пользователя: kirill.sedyshev
2025-07-14 13:42:30,920 - INFO - ⏭ Пользователь kirill.sedyshev уже мигрирован, пропускаем
2025-07-14 13:42:30,921 - INFO - [125/125] Обрабатываем пользователя: elina.gabitova
2025-07-14 13:42:30,921 - INFO - ⏭ Пользователь elina.gabitova уже мигрирован, пропускаем
2025-07-14 13:42:30,922 - INFO - Маппинг пользователей сохранен в user_mapping.json
2025-07-14 13:42:30,922 - INFO - ==================================================
2025-07-14 13:42:30,922 - INFO - РЕЗУЛЬТАТЫ ЭТАПА 1:
2025-07-14 13:42:30,922 - INFO - ✓ Успешно создано: 1
2025-07-14 13:42:30,922 - INFO - ⏭ Пропущено (уже существуют): 124
2025-07-14 13:42:30,922 - INFO - ✗ Ошибок: 0
2025-07-14 13:42:30,922 - INFO - 📊 Всего в маппинге: 2
2025-07-14 13:42:30,922 - INFO - ==================================================
2025-07-14 13:42:30,922 - INFO - 🎉 ЭТАП 1 ЗАВЕРШЕН УСПЕШНО!
2025-07-14 13:42:30,922 - INFO - Теперь можно запустить step2_projects_migration.py
2025-07-14 13:51:46,337 - INFO - ==================================================
2025-07-14 13:51:46,338 - INFO - ЭТАП 1: МИГРАЦИЯ ПОЛЬЗОВАТЕЛЕЙ
2025-07-14 13:51:46,338 - INFO - ==================================================
2025-07-14 13:51:46,686 - INFO - ✓ YouTrack: подключение успешно, пользователь None
2025-07-14 13:51:46,688 - INFO - Загружен существующий маппинг: 0 пользователей
2025-07-14 13:51:46,688 - INFO - Получение пользователей с пагинацией...
2025-07-14 13:51:47,286 - INFO -   Страница 1: получено 50 пользователей
2025-07-14 13:51:47,794 - INFO -   Страница 2: получено 50 пользователей
2025-07-14 13:51:48,288 - INFO -   Страница 3: получено 25 пользователей
2025-07-14 13:51:48,289 - INFO -   Последняя страница достигнута
2025-07-14 13:51:48,289 - INFO - Всего получено 125 пользователей из Yandex Tracker
2025-07-14 13:51:48,289 - INFO - 🧪 ТЕСТ: Ограничиваем до 5 пользователей
2025-07-14 13:51:48,289 - INFO - Начинаем миграцию 5 пользователей...
2025-07-14 13:51:48,289 - INFO - [1/5] Обрабатываем пользователя: ch1serg
2025-07-14 13:51:48,496 - INFO - ⏭ Пользователь ch1serg уже существует (ID: 2-307)
2025-07-14 13:51:49,001 - INFO - [2/5] Обрабатываем пользователя: cyberbobs
2025-07-14 13:51:49,001 - INFO - ⏭ Пользователь cyberbobs уже мигрирован, пропускаем
2025-07-14 13:51:49,002 - INFO - [3/5] Обрабатываем пользователя: igor.egorov87
2025-07-14 13:51:49,002 - INFO - ⏭ Пользователь igor.egorov87 уже мигрирован, пропускаем
2025-07-14 13:51:49,002 - INFO - [4/5] Обрабатываем пользователя: yndx-tracker-cnt-robot
2025-07-14 13:51:49,002 - INFO - ⏭ Пользователь yndx-tracker-cnt-robot уже мигрирован, пропускаем
2025-07-14 13:51:49,002 - INFO - [5/5] Обрабатываем пользователя: yndx-wiki-cnt-robot
2025-07-14 13:51:49,002 - INFO - ⏭ Пользователь yndx-wiki-cnt-robot уже мигрирован, пропускаем
2025-07-14 13:51:49,002 - INFO - Маппинг пользователей сохранен в user_mapping.json
2025-07-14 13:51:49,002 - INFO - ==================================================
2025-07-14 13:51:49,003 - INFO - РЕЗУЛЬТАТЫ ЭТАПА 1:
2025-07-14 13:51:49,003 - INFO - ✓ Успешно создано: 1
2025-07-14 13:51:49,003 - INFO - ⏭ Пропущено (уже существуют): 4
2025-07-14 13:51:49,003 - INFO - ✗ Ошибок: 0
2025-07-14 13:51:49,003 - INFO - 📊 Всего в маппинге: 1
2025-07-14 13:51:49,003 - INFO - ==================================================
2025-07-14 13:51:49,003 - INFO - 🎉 ЭТАП 1 ЗАВЕРШЕН УСПЕШНО!
2025-07-14 13:51:49,003 - INFO - Теперь можно запустить step2_projects_migration.py
2025-07-14 13:56:00,500 - INFO - ==================================================
2025-07-14 13:56:00,501 - INFO - ЭТАП 1: МИГРАЦИЯ ПОЛЬЗОВАТЕЛЕЙ
2025-07-14 13:56:00,501 - INFO - ==================================================
2025-07-14 13:56:00,852 - INFO - ✓ YouTrack: подключение успешно, пользователь None
2025-07-14 13:56:00,852 - INFO - Загружен существующий маппинг: 0 пользователей
2025-07-14 13:56:00,852 - INFO - Получение пользователей с пагинацией...
2025-07-14 13:56:01,518 - INFO -   Страница 1: получено 50 пользователей
2025-07-14 13:56:02,077 - INFO -   Страница 2: получено 50 пользователей
2025-07-14 13:56:02,549 - INFO -   Страница 3: получено 25 пользователей
2025-07-14 13:56:02,549 - INFO -   Последняя страница достигнута
2025-07-14 13:56:02,549 - INFO - Всего получено 125 пользователей из Yandex Tracker
2025-07-14 13:56:02,549 - INFO - Начинаем миграцию 125 пользователей...
2025-07-14 13:56:02,549 - INFO - [1/125] Обрабатываем пользователя: ch1serg
2025-07-14 13:56:02,722 - INFO - ⏭ Пользователь ch1serg уже существует (ID: 2-307)
2025-07-14 13:56:03,227 - INFO - [2/125] Обрабатываем пользователя: cyberbobs
2025-07-14 13:56:03,228 - INFO - ⏭ Пользователь cyberbobs уже мигрирован, пропускаем
2025-07-14 13:56:03,228 - INFO - [3/125] Обрабатываем пользователя: igor.egorov87
2025-07-14 13:56:03,228 - INFO - ⏭ Пользователь igor.egorov87 уже мигрирован, пропускаем
2025-07-14 13:56:03,228 - INFO - [4/125] Обрабатываем пользователя: yndx-tracker-cnt-robot
2025-07-14 13:56:03,228 - INFO - ⏭ Пользователь yndx-tracker-cnt-robot уже мигрирован, пропускаем
2025-07-14 13:56:03,228 - INFO - [5/125] Обрабатываем пользователя: yndx-wiki-cnt-robot
2025-07-14 13:56:03,228 - INFO - ⏭ Пользователь yndx-wiki-cnt-robot уже мигрирован, пропускаем
2025-07-14 13:56:03,229 - INFO - [6/125] Обрабатываем пользователя: yndx-forms-cnt-robot
2025-07-14 13:56:03,229 - INFO - ⏭ Пользователь yndx-forms-cnt-robot уже мигрирован, пропускаем
2025-07-14 13:56:03,229 - INFO - [7/125] Обрабатываем пользователя: di.star1999
2025-07-14 13:56:03,230 - INFO - ⏭ Пользователь di.star1999 уже мигрирован, пропускаем
2025-07-14 13:56:03,230 - INFO - [8/125] Обрабатываем пользователя: cgate.demo
2025-07-14 13:56:03,230 - INFO - ⏭ Пользователь cgate.demo уже мигрирован, пропускаем
2025-07-14 13:56:03,230 - INFO - [9/125] Обрабатываем пользователя: communigate.pro
2025-07-14 13:56:03,230 - INFO - ⏭ Пользователь communigate.pro уже мигрирован, пропускаем
2025-07-14 13:56:03,230 - INFO - [10/125] Обрабатываем пользователя: vladimirskiy
2025-07-14 13:56:03,230 - INFO - ⏭ Пользователь vladimirskiy уже мигрирован, пропускаем
2025-07-14 13:56:03,230 - INFO - [11/125] Обрабатываем пользователя: alexandr.denisov
2025-07-14 13:56:03,231 - INFO - ⏭ Пользователь alexandr.denisov уже мигрирован, пропускаем
2025-07-14 13:56:03,231 - INFO - [12/125] Обрабатываем пользователя: dmitry.starovoytov
2025-07-14 13:56:03,231 - INFO - ⏭ Пользователь dmitry.starovoytov уже мигрирован, пропускаем
2025-07-14 13:56:03,231 - INFO - [13/125] Обрабатываем пользователя: sergey.chupris
2025-07-14 13:56:03,231 - INFO - ⏭ Пользователь sergey.chupris уже мигрирован, пропускаем
2025-07-14 13:56:03,231 - INFO - [14/125] Обрабатываем пользователя: adm
2025-07-14 13:56:03,231 - INFO - ⏭ Пользователь adm уже мигрирован, пропускаем
2025-07-14 13:56:03,231 - INFO - [15/125] Обрабатываем пользователя: boris.moiseev
2025-07-14 13:56:03,231 - INFO - ⏭ Пользователь boris.moiseev уже мигрирован, пропускаем
2025-07-14 13:56:03,231 - INFO - [16/125] Обрабатываем пользователя: alena.fisenko
2025-07-14 13:56:03,231 - INFO - ⏭ Пользователь alena.fisenko уже мигрирован, пропускаем
2025-07-14 13:56:03,231 - INFO - [17/125] Обрабатываем пользователя: julia.simonova
2025-07-14 13:56:03,231 - INFO - ⏭ Пользователь julia.simonova уже мигрирован, пропускаем
2025-07-14 13:56:03,231 - INFO - [18/125] Обрабатываем пользователя: akim.vladimirsky
2025-07-14 13:56:03,231 - INFO - ⏭ Пользователь akim.vladimirsky уже мигрирован, пропускаем
2025-07-14 13:56:03,231 - INFO - [19/125] Обрабатываем пользователя: anton.mochalov
2025-07-14 13:56:03,231 - INFO - ⏭ Пользователь anton.mochalov уже мигрирован, пропускаем
2025-07-14 13:56:03,231 - INFO - [20/125] Обрабатываем пользователя: alexander.anokhin
2025-07-14 13:56:03,231 - INFO - ⏭ Пользователь alexander.anokhin уже мигрирован, пропускаем
2025-07-14 13:56:03,231 - INFO - [21/125] Обрабатываем пользователя: ivan.pinezhaninov
2025-07-14 13:56:03,231 - INFO - ⏭ Пользователь ivan.pinezhaninov уже мигрирован, пропускаем
2025-07-14 13:56:03,232 - INFO - [22/125] Обрабатываем пользователя: maxim.churakov
2025-07-14 13:56:03,232 - INFO - ⏭ Пользователь maxim.churakov уже мигрирован, пропускаем
2025-07-14 13:56:03,232 - INFO - [23/125] Обрабатываем пользователя: yuri.penkin
2025-07-14 13:56:03,232 - INFO - ⏭ Пользователь yuri.penkin уже мигрирован, пропускаем
2025-07-14 13:56:03,232 - INFO - [24/125] Обрабатываем пользователя: sergey.dolmatskiy
2025-07-14 13:56:03,232 - INFO - ⏭ Пользователь sergey.dolmatskiy уже мигрирован, пропускаем
2025-07-14 13:56:03,232 - INFO - [25/125] Обрабатываем пользователя: anna.akhmadieva
2025-07-14 13:56:03,232 - INFO - ⏭ Пользователь anna.akhmadieva уже мигрирован, пропускаем
2025-07-14 13:56:03,232 - INFO - [26/125] Обрабатываем пользователя: sergey.vetoshkin
2025-07-14 13:56:03,232 - INFO - ⏭ Пользователь sergey.vetoshkin уже мигрирован, пропускаем
2025-07-14 13:56:03,232 - INFO - [27/125] Обрабатываем пользователя: andrey.ivanov
2025-07-14 13:56:03,232 - INFO - ⏭ Пользователь andrey.ivanov уже мигрирован, пропускаем
2025-07-14 13:56:03,232 - INFO - [28/125] Обрабатываем пользователя: olga.molchanova
2025-07-14 13:56:03,232 - INFO - ⏭ Пользователь olga.molchanova уже мигрирован, пропускаем
2025-07-14 13:56:03,232 - INFO - [29/125] Обрабатываем пользователя: artem.petrunin
2025-07-14 13:56:03,233 - INFO - ⏭ Пользователь artem.petrunin уже мигрирован, пропускаем
2025-07-14 13:56:03,233 - INFO - [30/125] Обрабатываем пользователя: mikhail.bakursky
2025-07-14 13:56:03,233 - INFO - ⏭ Пользователь mikhail.bakursky уже мигрирован, пропускаем
2025-07-14 13:56:03,233 - INFO - [31/125] Обрабатываем пользователя: vitaly.kulabuhov
2025-07-14 13:56:03,233 - INFO - ⏭ Пользователь vitaly.kulabuhov уже мигрирован, пропускаем
2025-07-14 13:56:03,233 - INFO - [32/125] Обрабатываем пользователя: inna.pavlutenkova
2025-07-14 13:56:03,233 - INFO - ⏭ Пользователь inna.pavlutenkova уже мигрирован, пропускаем
2025-07-14 13:56:03,233 - INFO - [33/125] Обрабатываем пользователя: leonid.iakovlev
2025-07-14 13:56:03,233 - INFO - ⏭ Пользователь leonid.iakovlev уже мигрирован, пропускаем
2025-07-14 13:56:03,233 - INFO - [34/125] Обрабатываем пользователя: egor.tsvetkov
2025-07-14 13:56:03,233 - INFO - ⏭ Пользователь egor.tsvetkov уже мигрирован, пропускаем
2025-07-14 13:56:03,233 - INFO - [35/125] Обрабатываем пользователя: nadejda.morozova
2025-07-14 13:56:03,233 - INFO - ⏭ Пользователь nadejda.morozova уже мигрирован, пропускаем
2025-07-14 13:56:03,233 - INFO - [36/125] Обрабатываем пользователя: nikita.panchenko
2025-07-14 13:56:03,233 - INFO - ⏭ Пользователь nikita.panchenko уже мигрирован, пропускаем
2025-07-14 13:56:03,233 - INFO - [37/125] Обрабатываем пользователя: ksenia.zaika
2025-07-14 13:56:03,233 - INFO - ⏭ Пользователь ksenia.zaika уже мигрирован, пропускаем
2025-07-14 13:56:03,233 - INFO - [38/125] Обрабатываем пользователя: bagaudin.parchiev
2025-07-14 13:56:03,233 - INFO - ⏭ Пользователь bagaudin.parchiev уже мигрирован, пропускаем
2025-07-14 13:56:03,234 - INFO - [39/125] Обрабатываем пользователя: igor.spiridonov
2025-07-14 13:56:03,234 - INFO - ⏭ Пользователь igor.spiridonov уже мигрирован, пропускаем
2025-07-14 13:56:03,234 - INFO - [40/125] Обрабатываем пользователя: viktoria.shakhno
2025-07-14 13:56:03,234 - INFO - ⏭ Пользователь viktoria.shakhno уже мигрирован, пропускаем
2025-07-14 13:56:03,234 - INFO - [41/125] Обрабатываем пользователя: konstantin.zhukov
2025-07-14 13:56:03,234 - INFO - ⏭ Пользователь konstantin.zhukov уже мигрирован, пропускаем
2025-07-14 13:56:03,234 - INFO - [42/125] Обрабатываем пользователя: natalia.radetskaya
2025-07-14 13:56:03,234 - INFO - ⏭ Пользователь natalia.radetskaya уже мигрирован, пропускаем
2025-07-14 13:56:03,234 - INFO - [43/125] Обрабатываем пользователя: roman.katrenko
2025-07-14 13:56:03,234 - INFO - ⏭ Пользователь roman.katrenko уже мигрирован, пропускаем
2025-07-14 13:56:03,234 - INFO - [44/125] Обрабатываем пользователя: irina.datsevich
2025-07-14 13:56:03,234 - INFO - ⏭ Пользователь irina.datsevich уже мигрирован, пропускаем
2025-07-14 13:56:03,234 - INFO - [45/125] Обрабатываем пользователя: lyudmila.nacharova
2025-07-14 13:56:03,234 - INFO - ⏭ Пользователь lyudmila.nacharova уже мигрирован, пропускаем
2025-07-14 13:56:03,234 - INFO - [46/125] Обрабатываем пользователя: dmitry.savickiy
2025-07-14 13:56:03,234 - INFO - ⏭ Пользователь dmitry.savickiy уже мигрирован, пропускаем
2025-07-14 13:56:03,234 - INFO - [47/125] Обрабатываем пользователя: viktor.kornilov
2025-07-14 13:56:03,234 - INFO - ⏭ Пользователь viktor.kornilov уже мигрирован, пропускаем
2025-07-14 13:56:03,234 - INFO - [48/125] Обрабатываем пользователя: vyacheslav.khalyako
2025-07-14 13:56:03,234 - INFO - ⏭ Пользователь vyacheslav.khalyako уже мигрирован, пропускаем
2025-07-14 13:56:03,234 - INFO - [49/125] Обрабатываем пользователя: daria.sorokina
2025-07-14 13:56:03,235 - INFO - ⏭ Пользователь daria.sorokina уже мигрирован, пропускаем
2025-07-14 13:56:03,235 - INFO - [50/125] Обрабатываем пользователя: evgeny.tyryganov.cgp
2025-07-14 13:56:03,235 - INFO - ⏭ Пользователь evgeny.tyryganov.cgp уже мигрирован, пропускаем
2025-07-14 13:56:03,235 - INFO - [51/125] Обрабатываем пользователя: ekaterina.ryzhova
2025-07-14 13:56:03,235 - INFO - ⏭ Пользователь ekaterina.ryzhova уже мигрирован, пропускаем
2025-07-14 13:56:03,235 - INFO - [52/125] Обрабатываем пользователя: evgeny.tyryganov
2025-07-14 13:56:03,235 - INFO - ⏭ Пользователь evgeny.tyryganov уже мигрирован, пропускаем
2025-07-14 13:56:03,235 - INFO - [53/125] Обрабатываем пользователя: olmer.mezin
2025-07-14 13:56:03,235 - INFO - ⏭ Пользователь olmer.mezin уже мигрирован, пропускаем
2025-07-14 13:56:03,235 - INFO - [54/125] Обрабатываем пользователя: yuri.mezin
2025-07-14 13:56:03,235 - INFO - ⏭ Пользователь yuri.mezin уже мигрирован, пропускаем
2025-07-14 13:56:03,235 - INFO - [55/125] Обрабатываем пользователя: alexxandr
2025-07-14 13:56:03,235 - INFO - ⏭ Пользователь alexxandr уже мигрирован, пропускаем
2025-07-14 13:56:03,236 - INFO - [56/125] Обрабатываем пользователя: ivan.efremov
2025-07-14 13:56:03,236 - INFO - ⏭ Пользователь ivan.efremov уже мигрирован, пропускаем
2025-07-14 13:56:03,236 - INFO - [57/125] Обрабатываем пользователя: igor.egorov
2025-07-14 13:56:03,236 - INFO - ⏭ Пользователь igor.egorov уже мигрирован, пропускаем
2025-07-14 13:56:03,236 - INFO - [58/125] Обрабатываем пользователя: m.y.naletov
2025-07-14 13:56:03,236 - INFO - ⏭ Пользователь m.y.naletov уже мигрирован, пропускаем
2025-07-14 13:56:03,236 - INFO - [59/125] Обрабатываем пользователя: maxim.naletov
2025-07-14 13:56:03,236 - INFO - ⏭ Пользователь maxim.naletov уже мигрирован, пропускаем
2025-07-14 13:56:03,236 - INFO - [60/125] Обрабатываем пользователя: germandm
2025-07-14 13:56:03,236 - INFO - ⏭ Пользователь germandm уже мигрирован, пропускаем
2025-07-14 13:56:03,236 - INFO - [61/125] Обрабатываем пользователя: sergey.grishin
2025-07-14 13:56:03,236 - INFO - ⏭ Пользователь sergey.grishin уже мигрирован, пропускаем
2025-07-14 13:56:03,236 - INFO - [62/125] Обрабатываем пользователя: serafima.lebedeva
2025-07-14 13:56:03,236 - INFO - ⏭ Пользователь serafima.lebedeva уже мигрирован, пропускаем
2025-07-14 13:56:03,236 - INFO - [63/125] Обрабатываем пользователя: rodion.denisov
2025-07-14 13:56:03,236 - INFO - ⏭ Пользователь rodion.denisov уже мигрирован, пропускаем
2025-07-14 13:56:03,236 - INFO - [64/125] Обрабатываем пользователя: ahhehkob
2025-07-14 13:56:03,236 - INFO - ⏭ Пользователь ahhehkob уже мигрирован, пропускаем
2025-07-14 13:56:03,236 - INFO - [65/125] Обрабатываем пользователя: yuri.voronov1963
2025-07-14 13:56:03,236 - INFO - ⏭ Пользователь yuri.voronov1963 уже мигрирован, пропускаем
2025-07-14 13:56:03,236 - INFO - [66/125] Обрабатываем пользователя: igor.dmitriev
2025-07-14 13:56:03,236 - INFO - ⏭ Пользователь igor.dmitriev уже мигрирован, пропускаем
2025-07-14 13:56:03,236 - INFO - [67/125] Обрабатываем пользователя: julia.korol
2025-07-14 13:56:03,237 - INFO - ⏭ Пользователь julia.korol уже мигрирован, пропускаем
2025-07-14 13:56:03,237 - INFO - [68/125] Обрабатываем пользователя: maxim.ishevsky
2025-07-14 13:56:03,237 - INFO - ⏭ Пользователь maxim.ishevsky уже мигрирован, пропускаем
2025-07-14 13:56:03,237 - INFO - [69/125] Обрабатываем пользователя: sergey.seleznev
2025-07-14 13:56:03,237 - INFO - ⏭ Пользователь sergey.seleznev уже мигрирован, пропускаем
2025-07-14 13:56:03,237 - INFO - [70/125] Обрабатываем пользователя: olga.tolochina
2025-07-14 13:56:03,237 - INFO - ⏭ Пользователь olga.tolochina уже мигрирован, пропускаем
2025-07-14 13:56:03,237 - INFO - [71/125] Обрабатываем пользователя: uralgartman28
2025-07-14 13:56:03,237 - INFO - ⏭ Пользователь uralgartman28 уже мигрирован, пропускаем
2025-07-14 13:56:03,237 - INFO - [72/125] Обрабатываем пользователя: ekaterina.kochetova
2025-07-14 13:56:03,237 - INFO - ⏭ Пользователь ekaterina.kochetova уже мигрирован, пропускаем
2025-07-14 13:56:03,237 - INFO - [73/125] Обрабатываем пользователя: valeriya.iskorneva
2025-07-14 13:56:03,237 - INFO - ⏭ Пользователь valeriya.iskorneva уже мигрирован, пропускаем
2025-07-14 13:56:03,237 - INFO - [74/125] Обрабатываем пользователя: mikhail.serebrennikov
2025-07-14 13:56:03,238 - INFO - ⏭ Пользователь mikhail.serebrennikov уже мигрирован, пропускаем
2025-07-14 13:56:03,238 - INFO - [75/125] Обрабатываем пользователя: alena.shipilova
2025-07-14 13:56:03,238 - INFO - ⏭ Пользователь alena.shipilova уже мигрирован, пропускаем
2025-07-14 13:56:03,238 - INFO - [76/125] Обрабатываем пользователя: stanislav.materov
2025-07-14 13:56:03,238 - INFO - ⏭ Пользователь stanislav.materov уже мигрирован, пропускаем
2025-07-14 13:56:03,238 - INFO - [77/125] Обрабатываем пользователя: anton.shport
2025-07-14 13:56:03,238 - INFO - ⏭ Пользователь anton.shport уже мигрирован, пропускаем
2025-07-14 13:56:03,238 - INFO - [78/125] Обрабатываем пользователя: julia.druzhkova
2025-07-14 13:56:03,238 - INFO - ⏭ Пользователь julia.druzhkova уже мигрирован, пропускаем
2025-07-14 13:56:03,238 - INFO - [79/125] Обрабатываем пользователя: lewstherintelamon
2025-07-14 13:56:03,238 - INFO - ⏭ Пользователь lewstherintelamon уже мигрирован, пропускаем
2025-07-14 13:56:03,238 - INFO - [80/125] Обрабатываем пользователя: ivan.ischenko
2025-07-14 13:56:03,238 - INFO - ⏭ Пользователь ivan.ischenko уже мигрирован, пропускаем
2025-07-14 13:56:03,238 - INFO - [81/125] Обрабатываем пользователя: alexander.karavaev
2025-07-14 13:56:03,238 - INFO - ⏭ Пользователь alexander.karavaev уже мигрирован, пропускаем
2025-07-14 13:56:03,239 - INFO - [82/125] Обрабатываем пользователя: mapi
2025-07-14 13:56:03,239 - INFO - ⏭ Пользователь mapi уже мигрирован, пропускаем
2025-07-14 13:56:03,239 - INFO - [83/125] Обрабатываем пользователя: igor.dolzhenkov
2025-07-14 13:56:03,239 - INFO - ⏭ Пользователь igor.dolzhenkov уже мигрирован, пропускаем
2025-07-14 13:56:03,239 - INFO - [84/125] Обрабатываем пользователя: alexander.buravtsov
2025-07-14 13:56:03,239 - INFO - ⏭ Пользователь alexander.buravtsov уже мигрирован, пропускаем
2025-07-14 13:56:03,239 - INFO - [85/125] Обрабатываем пользователя: savelii.cherenkov
2025-07-14 13:56:03,239 - INFO - ⏭ Пользователь savelii.cherenkov уже мигрирован, пропускаем
2025-07-14 13:56:03,239 - INFO - [86/125] Обрабатываем пользователя: anzor.gergov
2025-07-14 13:56:03,239 - INFO - ⏭ Пользователь anzor.gergov уже мигрирован, пропускаем
2025-07-14 13:56:03,239 - INFO - [87/125] Обрабатываем пользователя: isk365
2025-07-14 13:56:03,239 - INFO - ⏭ Пользователь isk365 уже мигрирован, пропускаем
2025-07-14 13:56:03,239 - INFO - [88/125] Обрабатываем пользователя: maikelluri
2025-07-14 13:56:03,239 - INFO - ⏭ Пользователь maikelluri уже мигрирован, пропускаем
2025-07-14 13:56:03,239 - INFO - [89/125] Обрабатываем пользователя: egor.panteleev
2025-07-14 13:56:03,239 - INFO - ⏭ Пользователь egor.panteleev уже мигрирован, пропускаем
2025-07-14 13:56:03,239 - INFO - [90/125] Обрабатываем пользователя: mohdanbarzankaev
2025-07-14 13:56:03,239 - INFO - ⏭ Пользователь mohdanbarzankaev уже мигрирован, пропускаем
2025-07-14 13:56:03,239 - INFO - [91/125] Обрабатываем пользователя: mohdan.barzankaev
2025-07-14 13:56:03,240 - INFO - ⏭ Пользователь mohdan.barzankaev уже мигрирован, пропускаем
2025-07-14 13:56:03,240 - INFO - [92/125] Обрабатываем пользователя: team.support
2025-07-14 13:56:03,240 - INFO - ⏭ Пользователь team.support уже мигрирован, пропускаем
2025-07-14 13:56:03,240 - INFO - [93/125] Обрабатываем пользователя: maxim.galitsyn
2025-07-14 13:56:03,240 - INFO - ⏭ Пользователь maxim.galitsyn уже мигрирован, пропускаем
2025-07-14 13:56:03,240 - INFO - [94/125] Обрабатываем пользователя: support
2025-07-14 13:56:03,240 - INFO - ⏭ Пользователь support уже мигрирован, пропускаем
2025-07-14 13:56:03,240 - INFO - [95/125] Обрабатываем пользователя: azatazatec
2025-07-14 13:56:03,240 - INFO - ⏭ Пользователь azatazatec уже мигрирован, пропускаем
2025-07-14 13:56:03,240 - INFO - [96/125] Обрабатываем пользователя: victor.kanygin
2025-07-14 13:56:03,240 - INFO - ⏭ Пользователь victor.kanygin уже мигрирован, пропускаем
2025-07-14 13:56:03,240 - INFO - [97/125] Обрабатываем пользователя: natalia.kuznetsova
2025-07-14 13:56:03,240 - INFO - ⏭ Пользователь natalia.kuznetsova уже мигрирован, пропускаем
2025-07-14 13:56:03,241 - INFO - [98/125] Обрабатываем пользователя: andrey.korzhevin
2025-07-14 13:56:03,241 - INFO - ⏭ Пользователь andrey.korzhevin уже мигрирован, пропускаем
2025-07-14 13:56:03,241 - INFO - [99/125] Обрабатываем пользователя: irina.belyaninova
2025-07-14 13:56:03,241 - INFO - ⏭ Пользователь irina.belyaninova уже мигрирован, пропускаем
2025-07-14 13:56:03,241 - INFO - [100/125] Обрабатываем пользователя: alina.smaznova
2025-07-14 13:56:03,241 - INFO - ⏭ Пользователь alina.smaznova уже мигрирован, пропускаем
2025-07-14 13:56:03,241 - INFO - [101/125] Обрабатываем пользователя: nikita.bige
2025-07-14 13:56:03,241 - INFO - ⏭ Пользователь nikita.bige уже мигрирован, пропускаем
2025-07-14 13:56:03,241 - INFO - [102/125] Обрабатываем пользователя: dinislam.vakhitov
2025-07-14 13:56:03,241 - INFO - ⏭ Пользователь dinislam.vakhitov уже мигрирован, пропускаем
2025-07-14 13:56:03,241 - INFO - [103/125] Обрабатываем пользователя: azat.kamaletdinov
2025-07-14 13:56:03,241 - INFO - ⏭ Пользователь azat.kamaletdinov уже мигрирован, пропускаем
2025-07-14 13:56:03,241 - INFO - [104/125] Обрабатываем пользователя: svetlana.anisimova
2025-07-14 13:56:03,241 - INFO - ⏭ Пользователь svetlana.anisimova уже мигрирован, пропускаем
2025-07-14 13:56:03,241 - INFO - [105/125] Обрабатываем пользователя: khalid.asadulaev
2025-07-14 13:56:03,242 - INFO - ⏭ Пользователь khalid.asadulaev уже мигрирован, пропускаем
2025-07-14 13:56:03,242 - INFO - [106/125] Обрабатываем пользователя: tamara.fedorova
2025-07-14 13:56:03,242 - INFO - ⏭ Пользователь tamara.fedorova уже мигрирован, пропускаем
2025-07-14 13:56:03,242 - INFO - [107/125] Обрабатываем пользователя: irina.sadch
2025-07-14 13:56:03,242 - INFO - ⏭ Пользователь irina.sadch уже мигрирован, пропускаем
2025-07-14 13:56:03,242 - INFO - [108/125] Обрабатываем пользователя: irina.sadchikova
2025-07-14 13:56:03,242 - INFO - ⏭ Пользователь irina.sadchikova уже мигрирован, пропускаем
2025-07-14 13:56:03,242 - INFO - [109/125] Обрабатываем пользователя: ekaterina.klimenteva
2025-07-14 13:56:03,242 - INFO - ⏭ Пользователь ekaterina.klimenteva уже мигрирован, пропускаем
2025-07-14 13:56:03,242 - INFO - [110/125] Обрабатываем пользователя: irina.zelentsova
2025-07-14 13:56:03,242 - INFO - ⏭ Пользователь irina.zelentsova уже мигрирован, пропускаем
2025-07-14 13:56:03,242 - INFO - [111/125] Обрабатываем пользователя: ratmir.khannanov
2025-07-14 13:56:03,242 - INFO - ⏭ Пользователь ratmir.khannanov уже мигрирован, пропускаем
2025-07-14 13:56:03,242 - INFO - [112/125] Обрабатываем пользователя: mariia.khoroshenkova
2025-07-14 13:56:03,242 - INFO - ⏭ Пользователь mariia.khoroshenkova уже мигрирован, пропускаем
2025-07-14 13:56:03,242 - INFO - [113/125] Обрабатываем пользователя: mikhail.lepasson
2025-07-14 13:56:03,242 - INFO - ⏭ Пользователь mikhail.lepasson уже мигрирован, пропускаем
2025-07-14 13:56:03,242 - INFO - [114/125] Обрабатываем пользователя: georgii.khromchenkov
2025-07-14 13:56:03,242 - INFO - ⏭ Пользователь georgii.khromchenkov уже мигрирован, пропускаем
2025-07-14 13:56:03,243 - INFO - [115/125] Обрабатываем пользователя: roman.pavlov
2025-07-14 13:56:03,243 - INFO - ⏭ Пользователь roman.pavlov уже мигрирован, пропускаем
2025-07-14 13:56:03,243 - INFO - [116/125] Обрабатываем пользователя: maksim.bukharin
2025-07-14 13:56:03,243 - INFO - ⏭ Пользователь maksim.bukharin уже мигрирован, пропускаем
2025-07-14 13:56:03,243 - INFO - [117/125] Обрабатываем пользователя: petrovez_r
2025-07-14 13:56:03,243 - INFO - ⏭ Пользователь petrovez_r уже мигрирован, пропускаем
2025-07-14 13:56:03,243 - INFO - [118/125] Обрабатываем пользователя: vyacheslavcg.petrovets
2025-07-14 13:56:03,243 - INFO - ⏭ Пользователь vyacheslavcg.petrovets уже мигрирован, пропускаем
2025-07-14 13:56:03,243 - INFO - [119/125] Обрабатываем пользователя: viacheslav.petrovets
2025-07-14 13:56:03,243 - INFO - ⏭ Пользователь viacheslav.petrovets уже мигрирован, пропускаем
2025-07-14 13:56:03,243 - INFO - [120/125] Обрабатываем пользователя: andrei.raikov
2025-07-14 13:56:03,243 - INFO - ⏭ Пользователь andrei.raikov уже мигрирован, пропускаем
2025-07-14 13:56:03,243 - INFO - [121/125] Обрабатываем пользователя: anna.goriacheva
2025-07-14 13:56:03,243 - INFO - ⏭ Пользователь anna.goriacheva уже мигрирован, пропускаем
2025-07-14 13:56:03,244 - INFO - [122/125] Обрабатываем пользователя: magomedemin.gadzhiev
2025-07-14 13:56:03,244 - INFO - ⏭ Пользователь magomedemin.gadzhiev уже мигрирован, пропускаем
2025-07-14 13:56:03,244 - INFO - [123/125] Обрабатываем пользователя: mariia.akimova
2025-07-14 13:56:03,244 - INFO - ⏭ Пользователь mariia.akimova уже мигрирован, пропускаем
2025-07-14 13:56:03,244 - INFO - [124/125] Обрабатываем пользователя: kirill.sedyshev
2025-07-14 13:56:03,244 - INFO - ⏭ Пользователь kirill.sedyshev уже мигрирован, пропускаем
2025-07-14 13:56:03,244 - INFO - [125/125] Обрабатываем пользователя: elina.gabitova
2025-07-14 13:56:03,244 - INFO - ⏭ Пользователь elina.gabitova уже мигрирован, пропускаем
2025-07-14 13:56:03,244 - INFO - Маппинг пользователей сохранен в user_mapping.json
2025-07-14 13:56:03,244 - INFO - ==================================================
2025-07-14 13:56:03,244 - INFO - РЕЗУЛЬТАТЫ ЭТАПА 1:
2025-07-14 13:56:03,245 - INFO - ✓ Успешно создано: 1
2025-07-14 13:56:03,245 - INFO - ⏭ Пропущено (уже существуют): 124
2025-07-14 13:56:03,245 - INFO - ✗ Ошибок: 0
2025-07-14 13:56:03,245 - INFO - 📊 Всего в маппинге: 1
2025-07-14 13:56:03,245 - INFO - ==================================================
2025-07-14 13:56:03,245 - INFO - 🎉 ЭТАП 1 ЗАВЕРШЕН УСПЕШНО!
2025-07-14 13:56:03,245 - INFO - Теперь можно запустить step2_projects_migration.py
