2025-07-14 14:07:07,907 - INFO - ============================================================
2025-07-14 14:07:07,908 - INFO - ЭТАП 1: ФИНАЛЬНАЯ МИГРАЦИЯ ПОЛЬЗОВАТЕЛЕЙ
2025-07-14 14:07:07,908 - INFO - 🎯 Цель: создать 94 пользователя в YouTrack
2025-07-14 14:07:07,908 - INFO - ============================================================
2025-07-14 14:07:08,323 - INFO - ✓ YouTrack: подключение успешно, пользователь None
2025-07-14 14:07:08,324 - INFO - Загружен существующий маппинг: 0 пользователей
2025-07-14 14:07:08,324 - INFO - Получение пользователей с пагинацией...
2025-07-14 14:07:08,901 - INFO -   Страница 1: получено 50 пользователей
2025-07-14 14:07:09,447 - INFO -   Страница 2: получено 50 пользователей
2025-07-14 14:07:09,977 - INFO -   Страница 3: получено 25 пользователей
2025-07-14 14:07:09,978 - INFO - Всего получено 125 пользователей из Yandex Tracker
2025-07-14 14:07:09,978 - INFO - Начинаем обработку 125 пользователей...
2025-07-14 14:07:10,068 - INFO - ⏭ Пользователь ch1serg уже существует (ID: 2-307)
2025-07-14 14:07:11,073 - INFO - 📊 Прогресс: 20/125 пользователей обработано
2025-07-14 14:07:11,073 - INFO - 📊 Прогресс: 40/125 пользователей обработано
2025-07-14 14:07:11,073 - INFO - 📊 Прогресс: 60/125 пользователей обработано
2025-07-14 14:07:11,073 - INFO - 📊 Прогресс: 80/125 пользователей обработано
2025-07-14 14:07:11,073 - INFO - 📊 Прогресс: 100/125 пользователей обработано
2025-07-14 14:07:11,073 - INFO - 📊 Прогресс: 120/125 пользователей обработано
2025-07-14 14:07:11,074 - INFO - Маппинг пользователей сохранен: 1 записей
2025-07-14 14:07:11,074 - INFO - 
============================================================
2025-07-14 14:07:11,074 - INFO - ФИНАЛЬНЫЕ РЕЗУЛЬТАТЫ ЭТАПА 1:
2025-07-14 14:07:11,074 - INFO - ✅ Успешно создано/найдено: 1
2025-07-14 14:07:11,074 - INFO - ⏭️ Пропущено (уже в маппинге): 124
2025-07-14 14:07:11,074 - INFO - ❌ Ошибок: 0
2025-07-14 14:07:11,074 - INFO - 📊 Всего в маппинге: 1
2025-07-14 14:07:11,074 - INFO - 🎯 Ожидалось новых: ~94
2025-07-14 14:07:11,074 - INFO - ============================================================
2025-07-14 14:07:11,074 - INFO - 🎉 ЭТАП 1 ЗАВЕРШЕН УСПЕШНО!
2025-07-14 14:07:11,074 - INFO - ➡️  Теперь можно запустить step2_projects_migration.py
2025-07-14 14:08:04,141 - INFO - ============================================================
2025-07-14 14:08:04,142 - INFO - ЭТАП 1: ФИНАЛЬНАЯ МИГРАЦИЯ ПОЛЬЗОВАТЕЛЕЙ
2025-07-14 14:08:04,142 - INFO - 🎯 Цель: создать 94 пользователя в YouTrack
2025-07-14 14:08:04,142 - INFO - ============================================================
2025-07-14 14:08:04,527 - INFO - ✓ YouTrack: подключение успешно, пользователь None
2025-07-14 14:08:04,527 - INFO - Загружен существующий маппинг: 0 пользователей
2025-07-14 14:08:04,527 - INFO - Получение пользователей с пагинацией...
2025-07-14 14:08:05,119 - INFO -   Страница 1: получено 50 пользователей
2025-07-14 14:08:05,871 - INFO -   Страница 2: получено 50 пользователей
2025-07-14 14:08:06,890 - INFO -   Страница 3: получено 25 пользователей
2025-07-14 14:08:06,890 - INFO - Всего получено 125 пользователей из Yandex Tracker
2025-07-14 14:08:06,890 - INFO - Начинаем обработку 125 пользователей...
2025-07-14 14:08:06,990 - INFO - ⏭ Пользователь ch1serg уже существует (ID: 2-307)
2025-07-14 14:08:07,991 - INFO - 📊 Прогресс: 20/125 пользователей обработано
2025-07-14 14:08:07,991 - INFO - 📊 Прогресс: 40/125 пользователей обработано
2025-07-14 14:08:07,991 - INFO - 📊 Прогресс: 60/125 пользователей обработано
2025-07-14 14:08:07,992 - INFO - 📊 Прогресс: 80/125 пользователей обработано
2025-07-14 14:08:07,992 - INFO - 📊 Прогресс: 100/125 пользователей обработано
2025-07-14 14:08:07,992 - INFO - 📊 Прогресс: 120/125 пользователей обработано
2025-07-14 14:08:07,994 - INFO - Маппинг пользователей сохранен: 1 записей
2025-07-14 14:08:07,994 - INFO - 
============================================================
2025-07-14 14:08:07,994 - INFO - ФИНАЛЬНЫЕ РЕЗУЛЬТАТЫ ЭТАПА 1:
2025-07-14 14:08:07,994 - INFO - ✅ Успешно создано/найдено: 1
2025-07-14 14:08:07,994 - INFO - ⏭️ Пропущено (уже в маппинге): 124
2025-07-14 14:08:07,995 - INFO - ❌ Ошибок: 0
2025-07-14 14:08:07,995 - INFO - 📊 Всего в маппинге: 1
2025-07-14 14:08:07,995 - INFO - 🎯 Ожидалось новых: ~94
2025-07-14 14:08:07,995 - INFO - ============================================================
2025-07-14 14:08:07,995 - INFO - 🎉 ЭТАП 1 ЗАВЕРШЕН УСПЕШНО!
2025-07-14 14:08:07,995 - INFO - ➡️  Теперь можно запустить step2_projects_migration.py
2025-07-14 14:08:29,073 - INFO - ============================================================
2025-07-14 14:08:29,074 - INFO - ЭТАП 1: ФИНАЛЬНАЯ МИГРАЦИЯ ПОЛЬЗОВАТЕЛЕЙ
2025-07-14 14:08:29,074 - INFO - 🎯 Цель: создать 94 пользователя в YouTrack
2025-07-14 14:08:29,074 - INFO - ============================================================
2025-07-14 14:08:29,434 - INFO - ✓ YouTrack: подключение успешно, пользователь None
2025-07-14 14:08:29,435 - INFO - Загружен существующий маппинг: 0 пользователей
2025-07-14 14:08:29,435 - INFO - Получение пользователей с пагинацией...
2025-07-14 14:08:30,038 - INFO -   Страница 1: получено 50 пользователей
2025-07-14 14:08:30,563 - INFO -   Страница 2: получено 50 пользователей
2025-07-14 14:08:31,634 - INFO -   Страница 3: получено 25 пользователей
2025-07-14 14:08:31,634 - INFO - Всего получено 125 пользователей из Yandex Tracker
2025-07-14 14:08:31,634 - INFO - Начинаем обработку 125 пользователей...
2025-07-14 14:08:31,721 - INFO - ⏭ Пользователь ch1serg уже существует (ID: 2-307)
2025-07-14 14:08:32,727 - INFO - 📊 Прогресс: 20/125 пользователей обработано
2025-07-14 14:08:32,730 - INFO - 📊 Прогресс: 40/125 пользователей обработано
2025-07-14 14:08:32,731 - INFO - 📊 Прогресс: 60/125 пользователей обработано
2025-07-14 14:08:32,731 - INFO - 📊 Прогресс: 80/125 пользователей обработано
2025-07-14 14:08:32,731 - INFO - 📊 Прогресс: 100/125 пользователей обработано
2025-07-14 14:08:32,731 - INFO - 📊 Прогресс: 120/125 пользователей обработано
2025-07-14 14:08:32,732 - INFO - Маппинг пользователей сохранен: 1 записей
2025-07-14 14:08:32,732 - INFO - 
============================================================
2025-07-14 14:08:32,732 - INFO - ФИНАЛЬНЫЕ РЕЗУЛЬТАТЫ ЭТАПА 1:
2025-07-14 14:08:32,732 - INFO - ✅ Успешно создано/найдено: 1
2025-07-14 14:08:32,733 - INFO - ⏭️ Пропущено (уже в маппинге): 124
2025-07-14 14:08:32,733 - INFO - ❌ Ошибок: 0
2025-07-14 14:08:32,733 - INFO - 📊 Всего в маппинге: 1
2025-07-14 14:08:32,733 - INFO - 🎯 Ожидалось новых: ~94
2025-07-14 14:08:32,733 - INFO - ============================================================
2025-07-14 14:08:32,733 - INFO - 🎉 ЭТАП 1 ЗАВЕРШЕН УСПЕШНО!
2025-07-14 14:08:32,733 - INFO - ➡️  Теперь можно запустить step2_projects_migration.py
