2025-07-14 14:25:52,772 - INFO - ==================================================
2025-07-14 14:25:52,773 - INFO - ЭТАП 2: МИГРАЦИЯ ПРОЕКТОВ
2025-07-14 14:25:52,773 - INFO - ==================================================
2025-07-14 14:25:52,774 - INFO - Загружен маппинг пользователей: 1 пользователей
2025-07-14 14:25:52,774 - INFO - Загружен существующий маппинг проектов: 0 проектов
2025-07-14 14:25:53,576 - INFO - Получено 25 очередей из Yandex Tracker
2025-07-14 14:25:53,576 - INFO - Начинаем миграцию 25 проектов...
2025-07-14 14:25:53,576 - INFO - [1/25] Обрабатываем проект: DEV - Разработка
2025-07-14 14:25:53,928 - ERROR - ✗ Ошибка создания проекта DEV: 400 - {"error":"bad_request","error_description":"Invalid structure of entity id: 487866a4-3067-4311-bce3-1fc4a56677bc"}
2025-07-14 14:25:54,932 - INFO - [2/25] Обрабатываем проект: SUPPORT - Поддержка
2025-07-14 14:25:55,106 - ERROR - ✗ Ошибка создания проекта SUPPORT: 400 - {"error":"bad_request","error_description":"Invalid structure of entity id: 487866a4-3067-4311-bce3-1fc4a56677bc"}
2025-07-14 14:25:56,111 - INFO - [3/25] Обрабатываем проект: PROJECT - Проект
2025-07-14 14:25:56,233 - ERROR - ✗ Ошибка создания проекта PROJECT: 400 - {"error":"bad_request","error_description":"Invalid structure of entity id: 487866a4-3067-4311-bce3-1fc4a56677bc"}
2025-07-14 14:25:57,236 - INFO - [4/25] Обрабатываем проект: TEST - TEST
2025-07-14 14:25:57,328 - ERROR - ✗ Ошибка создания проекта TEST: 400 - {"error":"bad_request","error_description":"Invalid structure of entity id: 487866a4-3067-4311-bce3-1fc4a56677bc"}
2025-07-14 14:25:58,329 - INFO - [5/25] Обрабатываем проект: GENERAL - Общие задачи
2025-07-14 14:25:58,417 - ERROR - ✗ Ошибка создания проекта GENERAL: 400 - {"error":"bad_request","error_description":"Invalid structure of entity id: 487866a4-3067-4311-bce3-1fc4a56677bc"}
2025-07-14 14:25:59,421 - INFO - Маппинг проектов сохранен в project_mapping.json
2025-07-14 14:25:59,421 - INFO - Промежуточное сохранение: 5 проектов обработано
2025-07-14 14:25:59,421 - INFO - [6/25] Обрабатываем проект: DOC - Документирование
2025-07-14 14:25:59,545 - ERROR - ✗ Ошибка создания проекта DOC: 400 - {"error":"bad_request","error_description":"Invalid structure of entity id: 487866a4-3067-4311-bce3-1fc4a56677bc"}
2025-07-14 14:26:00,550 - INFO - [7/25] Обрабатываем проект: MARKETING - Маркетинг
2025-07-14 14:26:00,674 - ERROR - ✗ Ошибка создания проекта MARKETING: 400 - {"error":"bad_request","error_description":"Invalid structure of entity id: 487866a4-3067-4311-bce3-1fc4a56677bc"}
2025-07-14 14:26:01,678 - INFO - [8/25] Обрабатываем проект: SALES - Продажи
2025-07-14 14:26:01,804 - ERROR - ✗ Ошибка создания проекта SALES: 400 - {"error":"bad_request","error_description":"Invalid structure of entity id: 487866a4-3067-4311-bce3-1fc4a56677bc"}
2025-07-14 14:26:02,809 - INFO - [9/25] Обрабатываем проект: TESTING - Тестирование
2025-07-14 14:26:02,955 - ERROR - ✗ Ошибка создания проекта TESTING: 400 - {"error":"bad_request","error_description":"Invalid structure of entity id: 487866a4-3067-4311-bce3-1fc4a56677bc"}
2025-07-14 14:26:03,958 - INFO - [10/25] Обрабатываем проект: CGSERVER - CommuniGate Server
2025-07-14 14:26:04,134 - ERROR - ✗ Ошибка создания проекта CGSERVER: 400 - {"error":"bad_request","error_description":"Invalid structure of entity id: 487866a4-3067-4311-bce3-1fc4a56677bc"}
2025-07-14 14:26:05,140 - INFO - Маппинг проектов сохранен в project_mapping.json
2025-07-14 14:26:05,140 - INFO - Промежуточное сохранение: 10 проектов обработано
2025-07-14 14:26:05,141 - INFO - [11/25] Обрабатываем проект: PRONTOHTML - Разработка Pronto HTML
2025-07-14 14:26:05,278 - ERROR - ✗ Ошибка создания проекта PRONTOHTML: 400 - {"error":"bad_request","error_description":"Invalid structure of entity id: 487866a4-3067-4311-bce3-1fc4a56677bc"}
2025-07-14 14:26:06,283 - INFO - [12/25] Обрабатываем проект: HR - Кадры
2025-07-14 14:26:06,419 - ERROR - ✗ Ошибка создания проекта HR: 400 - {"error":"bad_request","error_description":"Invalid structure of entity id: 487866a4-3067-4311-bce3-1fc4a56677bc"}
2025-07-14 14:26:07,424 - INFO - [13/25] Обрабатываем проект: TESTKEYS - Тестовые ключи
2025-07-14 14:26:07,552 - ERROR - ✗ Ошибка создания проекта TESTKEYS: 400 - {"error":"bad_request","error_description":"Invalid structure of entity id: 487866a4-3067-4311-bce3-1fc4a56677bc"}
2025-07-14 14:26:08,556 - INFO - [14/25] Обрабатываем проект: PRESALE - Пресейл
2025-07-14 14:26:08,679 - ERROR - ✗ Ошибка создания проекта PRESALE: 400 - {"error":"bad_request","error_description":"Invalid structure of entity id: 487866a4-3067-4311-bce3-1fc4a56677bc"}
2025-07-14 14:26:09,686 - INFO - [15/25] Обрабатываем проект: ANALITIKA - Аналитика
2025-07-14 14:26:09,851 - ERROR - ✗ Ошибка создания проекта ANALITIKA: 400 - {"error":"bad_request","error_description":"Invalid structure of entity id: 487866a4-3067-4311-bce3-1fc4a56677bc"}
2025-07-14 14:26:10,858 - INFO - Маппинг проектов сохранен в project_mapping.json
2025-07-14 14:26:10,858 - INFO - Промежуточное сохранение: 15 проектов обработано
2025-07-14 14:26:10,858 - INFO - [16/25] Обрабатываем проект: UXUI - Дизайн
2025-07-14 14:26:10,995 - ERROR - ✗ Ошибка создания проекта UXUI: 400 - {"error":"bad_request","error_description":"Invalid structure of entity id: 487866a4-3067-4311-bce3-1fc4a56677bc"}
2025-07-14 14:26:12,001 - INFO - [17/25] Обрабатываем проект: SEC - Информационная безопасность
2025-07-14 14:26:12,136 - ERROR - ✗ Ошибка создания проекта SEC: 400 - {"error":"bad_request","error_description":"Invalid structure of entity id: 487866a4-3067-4311-bce3-1fc4a56677bc"}
2025-07-14 14:26:13,142 - INFO - [18/25] Обрабатываем проект: FE - FE
2025-07-14 14:26:13,276 - ERROR - ✗ Ошибка создания проекта FE: 400 - {"error":"bad_request","error_description":"Invalid structure of entity id: 487866a4-3067-4311-bce3-1fc4a56677bc"}
2025-07-14 14:26:14,277 - INFO - [19/25] Обрабатываем проект: MAPI - MAPI Connector
2025-07-14 14:26:14,404 - ERROR - ✗ Ошибка создания проекта MAPI: 400 - {"error":"bad_request","error_description":"Invalid structure of entity id: 487866a4-3067-4311-bce3-1fc4a56677bc"}
2025-07-14 14:26:15,407 - INFO - [20/25] Обрабатываем проект: CERTIFICATION - Certification
2025-07-14 14:26:15,536 - ERROR - ✗ Ошибка создания проекта CERTIFICATION: 400 - {"error":"bad_request","error_description":"Invalid structure of entity id: 487866a4-3067-4311-bce3-1fc4a56677bc"}
2025-07-14 14:26:16,540 - INFO - Маппинг проектов сохранен в project_mapping.json
2025-07-14 14:26:16,540 - INFO - Промежуточное сохранение: 20 проектов обработано
2025-07-14 14:26:16,540 - INFO - [21/25] Обрабатываем проект: SA - security audit
2025-07-14 14:26:16,671 - ERROR - ✗ Ошибка создания проекта SA: 400 - {"error":"bad_request","error_description":"Invalid structure of entity id: 487866a4-3067-4311-bce3-1fc4a56677bc"}
2025-07-14 14:26:17,676 - INFO - [22/25] Обрабатываем проект: HIRING - hiring
2025-07-14 14:26:17,802 - ERROR - ✗ Ошибка создания проекта HIRING: 400 - {"error":"bad_request","error_description":"Invalid structure of entity id: 487866a4-3067-4311-bce3-1fc4a56677bc"}
2025-07-14 14:26:18,807 - INFO - [23/25] Обрабатываем проект: TESTOVAYAOCHERE - Тестовая очередь
2025-07-14 14:26:18,934 - ERROR - ✗ Ошибка создания проекта TESTOVAYAOCHERE: 400 - {"error":"bad_request","error_description":"Invalid structure of entity id: 487866a4-3067-4311-bce3-1fc4a56677bc"}
2025-07-14 14:26:19,940 - INFO - [24/25] Обрабатываем проект: FORDELETE - Задачи на удаление
2025-07-14 14:26:20,064 - ERROR - ✗ Ошибка создания проекта FORDELETE: 400 - {"error":"bad_request","error_description":"Invalid structure of entity id: 487866a4-3067-4311-bce3-1fc4a56677bc"}
2025-07-14 14:26:21,066 - INFO - [25/25] Обрабатываем проект: AV - projects
2025-07-14 14:26:21,189 - ERROR - ✗ Ошибка создания проекта AV: 400 - {"error":"bad_request","error_description":"Invalid structure of entity id: 487866a4-3067-4311-bce3-1fc4a56677bc"}
2025-07-14 14:26:22,193 - INFO - Маппинг проектов сохранен в project_mapping.json
2025-07-14 14:26:22,193 - INFO - Промежуточное сохранение: 25 проектов обработано
2025-07-14 14:26:22,194 - INFO - Маппинг проектов сохранен в project_mapping.json
2025-07-14 14:26:22,194 - INFO - ==================================================
2025-07-14 14:26:22,194 - INFO - РЕЗУЛЬТАТЫ ЭТАПА 2:
2025-07-14 14:26:22,194 - INFO - ✓ Успешно создано: 0
2025-07-14 14:26:22,195 - INFO - ⏭ Пропущено (уже существуют): 0
2025-07-14 14:26:22,195 - INFO - ✗ Ошибок: 25
2025-07-14 14:26:22,195 - INFO - 📊 Всего в маппинге: 0
2025-07-14 14:26:22,195 - INFO - ==================================================
2025-07-14 14:26:22,196 - WARNING - ⚠ Этап завершен с 25 ошибками
2025-07-14 14:26:22,196 - INFO - Проверьте логи и повторите запуск для исправления ошибок
2025-07-14 14:30:24,183 - INFO - ==================================================
2025-07-14 14:30:24,184 - INFO - ЭТАП 2: МИГРАЦИЯ ПРОЕКТОВ - ИСПРАВЛЕННАЯ ВЕРСИЯ
2025-07-14 14:30:24,184 - INFO - ==================================================
2025-07-14 14:30:24,184 - INFO - Загружен маппинг пользователей: 1 пользователей
2025-07-14 14:30:24,184 - INFO - Загружен существующий маппинг проектов: 0 проектов
2025-07-14 14:30:24,987 - INFO - Получено 25 очередей из Yandex Tracker
2025-07-14 14:30:24,987 - INFO - Начинаем миграцию 25 проектов...
2025-07-14 14:30:24,987 - INFO - [1/25] Обрабатываем проект: DEV - Разработка
2025-07-14 14:30:25,351 - INFO - Текущий пользователь YouTrack ID: 2-1
2025-07-14 14:30:25,351 - INFO - Создаем проект: DEV с лидером ID: 2-1
2025-07-14 14:30:25,825 - INFO - ✓ Создан проект: DEV - Разработка
2025-07-14 14:30:25,826 - INFO -   🔧 Настраиваем статусы для проекта DEV
2025-07-14 14:30:26,119 - ERROR - Не удалось получить статусы проекта 0-41
2025-07-14 14:30:27,125 - INFO - [2/25] Обрабатываем проект: SUPPORT - Поддержка
2025-07-14 14:30:27,207 - INFO - Текущий пользователь YouTrack ID: 2-1
2025-07-14 14:30:27,207 - INFO - Создаем проект: SUPPORT с лидером ID: 2-1
2025-07-14 14:30:27,579 - INFO - ✓ Создан проект: SUPPORT - Поддержка
2025-07-14 14:30:27,580 - INFO -   🔧 Настраиваем статусы для проекта SUPPORT
2025-07-14 14:30:27,866 - ERROR - Не удалось получить статусы проекта 0-42
2025-07-14 14:30:28,870 - INFO - [3/25] Обрабатываем проект: PROJECT - Проект
2025-07-14 14:30:28,964 - INFO - Текущий пользователь YouTrack ID: 2-1
2025-07-14 14:30:28,964 - INFO - Создаем проект: PROJECT с лидером ID: 2-1
2025-07-14 14:30:29,342 - INFO - ✓ Создан проект: PROJECT - Проект
2025-07-14 14:30:29,342 - INFO -   🔧 Настраиваем статусы для проекта PROJECT
2025-07-14 14:30:29,649 - ERROR - Не удалось получить статусы проекта 0-43
2025-07-14 14:30:30,656 - INFO - Маппинг проектов сохранен в project_mapping.json
2025-07-14 14:30:30,657 - INFO - Промежуточное сохранение: 3 проектов обработано
2025-07-14 14:30:30,657 - INFO - [4/25] Обрабатываем проект: TEST - TEST
2025-07-14 14:30:30,755 - INFO - Текущий пользователь YouTrack ID: 2-1
2025-07-14 14:30:30,755 - INFO - Создаем проект: TEST с лидером ID: 2-1
2025-07-14 14:30:31,130 - INFO - ✓ Создан проект: TEST - TEST
2025-07-14 14:30:31,130 - INFO -   🔧 Настраиваем статусы для проекта TEST
2025-07-14 14:30:31,295 - ERROR - Ошибка получения статусов для очереди TEST: 403 Client Error: Forbidden for url: https://api.tracker.yandex.net/v2/queues/TEST/statuses
2025-07-14 14:30:31,296 - WARNING -   ⚠ Не удалось получить статусы для проекта TEST
2025-07-14 14:30:32,299 - INFO - [5/25] Обрабатываем проект: GENERAL - Общие задачи
2025-07-14 14:30:32,393 - INFO - Текущий пользователь YouTrack ID: 2-1
2025-07-14 14:30:32,393 - INFO - Создаем проект: GENERAL с лидером ID: 2-1
2025-07-14 14:30:32,725 - INFO - ✓ Создан проект: GENERAL - Общие задачи
2025-07-14 14:30:32,726 - INFO -   🔧 Настраиваем статусы для проекта GENERAL
2025-07-14 14:30:33,182 - ERROR - Не удалось получить статусы проекта 0-45
2025-07-14 14:30:34,188 - INFO - [6/25] Обрабатываем проект: DOC - Документирование
2025-07-14 14:30:34,287 - INFO - Текущий пользователь YouTrack ID: 2-1
2025-07-14 14:30:34,287 - INFO - Создаем проект: DOC с лидером ID: 2-1
2025-07-14 14:30:34,735 - INFO - ✓ Создан проект: DOC - Документирование
2025-07-14 14:30:34,735 - INFO -   🔧 Настраиваем статусы для проекта DOC
2025-07-14 14:30:35,067 - ERROR - Не удалось получить статусы проекта 0-46
2025-07-14 14:30:36,071 - INFO - Маппинг проектов сохранен в project_mapping.json
2025-07-14 14:30:36,072 - INFO - Промежуточное сохранение: 6 проектов обработано
2025-07-14 14:30:36,072 - INFO - [7/25] Обрабатываем проект: MARKETING - Маркетинг
2025-07-14 14:30:36,176 - INFO - Текущий пользователь YouTrack ID: 2-1
2025-07-14 14:30:36,176 - INFO - Создаем проект: MARKETING с лидером ID: 2-1
2025-07-14 14:30:36,553 - INFO - ✓ Создан проект: MARKETING - Маркетинг
2025-07-14 14:30:36,553 - INFO -   🔧 Настраиваем статусы для проекта MARKETING
2025-07-14 14:30:36,758 - ERROR - Не удалось получить статусы проекта 0-47
2025-07-14 14:30:37,763 - INFO - [8/25] Обрабатываем проект: SALES - Продажи
2025-07-14 14:30:37,852 - INFO - Текущий пользователь YouTrack ID: 2-1
2025-07-14 14:30:37,852 - INFO - Создаем проект: SALES с лидером ID: 2-1
2025-07-14 14:30:44,269 - INFO - ✓ Создан проект: SALES - Продажи
2025-07-14 14:30:44,270 - INFO -   🔧 Настраиваем статусы для проекта SALES
2025-07-14 14:30:44,531 - ERROR - Не удалось получить статусы проекта 0-48
2025-07-14 14:30:45,537 - INFO - [9/25] Обрабатываем проект: TESTING - Тестирование
2025-07-14 14:30:45,624 - INFO - Текущий пользователь YouTrack ID: 2-1
2025-07-14 14:30:45,624 - INFO - Создаем проект: TESTING с лидером ID: 2-1
2025-07-14 14:30:46,570 - INFO - ✓ Создан проект: TESTING - Тестирование
2025-07-14 14:30:46,570 - INFO -   🔧 Настраиваем статусы для проекта TESTING
2025-07-14 14:30:46,817 - ERROR - Не удалось получить статусы проекта 0-49
2025-07-14 14:30:47,822 - INFO - Маппинг проектов сохранен в project_mapping.json
2025-07-14 14:30:47,823 - INFO - Промежуточное сохранение: 9 проектов обработано
2025-07-14 14:30:47,823 - INFO - [10/25] Обрабатываем проект: CGSERVER - CommuniGate Server
2025-07-14 14:30:47,908 - INFO - Текущий пользователь YouTrack ID: 2-1
2025-07-14 14:30:47,909 - INFO - Создаем проект: CGSERVER с лидером ID: 2-1
2025-07-14 14:30:48,346 - INFO - ✓ Создан проект: CGSERVER - CommuniGate Server
2025-07-14 14:30:48,346 - INFO -   🔧 Настраиваем статусы для проекта CGSERVER
2025-07-14 14:30:48,680 - ERROR - Ошибка получения статусов для очереди CGSERVER: 403 Client Error: Forbidden for url: https://api.tracker.yandex.net/v2/queues/CGSERVER/statuses
2025-07-14 14:30:48,681 - WARNING -   ⚠ Не удалось получить статусы для проекта CGSERVER
2025-07-14 14:30:49,681 - INFO - [11/25] Обрабатываем проект: PRONTOHTML - Разработка Pronto HTML
2025-07-14 14:30:49,768 - INFO - Текущий пользователь YouTrack ID: 2-1
2025-07-14 14:30:49,768 - INFO - Создаем проект: PRONTOHTML с лидером ID: 2-1
2025-07-14 14:30:50,126 - INFO - ✓ Создан проект: PRONTOHTML - Разработка Pronto HTML
2025-07-14 14:30:50,127 - INFO -   🔧 Настраиваем статусы для проекта PRONTOHTML
2025-07-14 14:30:50,250 - ERROR - Ошибка получения статусов для очереди PRONTOHTML: 403 Client Error: Forbidden for url: https://api.tracker.yandex.net/v2/queues/PRONTOHTML/statuses
2025-07-14 14:30:50,250 - WARNING -   ⚠ Не удалось получить статусы для проекта PRONTOHTML
2025-07-14 14:30:51,252 - INFO - [12/25] Обрабатываем проект: HR - Кадры
2025-07-14 14:30:51,337 - INFO - Текущий пользователь YouTrack ID: 2-1
2025-07-14 14:30:51,337 - INFO - Создаем проект: HR с лидером ID: 2-1
2025-07-14 14:30:51,997 - INFO - ✓ Создан проект: HR - Кадры
2025-07-14 14:30:51,997 - INFO -   🔧 Настраиваем статусы для проекта HR
2025-07-14 14:30:52,268 - ERROR - Не удалось получить статусы проекта 0-52
2025-07-14 14:30:53,272 - INFO - Маппинг проектов сохранен в project_mapping.json
2025-07-14 14:30:53,272 - INFO - Промежуточное сохранение: 12 проектов обработано
2025-07-14 14:30:53,273 - INFO - [13/25] Обрабатываем проект: TESTKEYS - Тестовые ключи
2025-07-14 14:30:53,354 - INFO - Текущий пользователь YouTrack ID: 2-1
2025-07-14 14:30:53,355 - INFO - Создаем проект: TESTKEYS с лидером ID: 2-1
2025-07-14 14:30:59,814 - INFO - ✓ Создан проект: TESTKEYS - Тестовые ключи
2025-07-14 14:30:59,814 - INFO -   🔧 Настраиваем статусы для проекта TESTKEYS
2025-07-14 14:31:00,164 - ERROR - Не удалось получить статусы проекта 0-53
2025-07-14 14:31:01,169 - INFO - [14/25] Обрабатываем проект: PRESALE - Пресейл
2025-07-14 14:31:01,253 - INFO - Текущий пользователь YouTrack ID: 2-1
2025-07-14 14:31:01,253 - INFO - Создаем проект: PRESALE с лидером ID: 2-1
2025-07-14 14:31:01,666 - INFO - ✓ Создан проект: PRESALE - Пресейл
2025-07-14 14:31:01,666 - INFO -   🔧 Настраиваем статусы для проекта PRESALE
2025-07-14 14:31:01,917 - ERROR - Не удалось получить статусы проекта 0-54
2025-07-14 14:31:02,918 - INFO - [15/25] Обрабатываем проект: ANALITIKA - Аналитика
2025-07-14 14:31:03,002 - INFO - Текущий пользователь YouTrack ID: 2-1
2025-07-14 14:31:03,002 - INFO - Создаем проект: ANALITIKA с лидером ID: 2-1
2025-07-14 14:31:03,400 - INFO - ✓ Создан проект: ANALITIKA - Аналитика
2025-07-14 14:31:03,400 - INFO -   🔧 Настраиваем статусы для проекта ANALITIKA
2025-07-14 14:31:03,642 - ERROR - Не удалось получить статусы проекта 0-55
2025-07-14 14:31:04,647 - INFO - Маппинг проектов сохранен в project_mapping.json
2025-07-14 14:31:04,647 - INFO - Промежуточное сохранение: 15 проектов обработано
2025-07-14 14:31:04,647 - INFO - [16/25] Обрабатываем проект: UXUI - Дизайн
2025-07-14 14:31:04,730 - INFO - Текущий пользователь YouTrack ID: 2-1
2025-07-14 14:31:04,730 - INFO - Создаем проект: UXUI с лидером ID: 2-1
2025-07-14 14:31:05,150 - INFO - ✓ Создан проект: UXUI - Дизайн
2025-07-14 14:31:05,150 - INFO -   🔧 Настраиваем статусы для проекта UXUI
2025-07-14 14:31:05,376 - ERROR - Не удалось получить статусы проекта 0-56
2025-07-14 14:31:06,381 - INFO - [17/25] Обрабатываем проект: SEC - Информационная безопасность
2025-07-14 14:31:06,474 - INFO - Текущий пользователь YouTrack ID: 2-1
2025-07-14 14:31:06,475 - INFO - Создаем проект: SEC с лидером ID: 2-1
2025-07-14 14:31:06,890 - INFO - ✓ Создан проект: SEC - Информационная безопасность
2025-07-14 14:31:06,890 - INFO -   🔧 Настраиваем статусы для проекта SEC
2025-07-14 14:31:07,152 - ERROR - Не удалось получить статусы проекта 0-57
2025-07-14 14:31:08,157 - INFO - [18/25] Обрабатываем проект: FE - FE
2025-07-14 14:31:08,242 - INFO - Текущий пользователь YouTrack ID: 2-1
2025-07-14 14:31:08,242 - INFO - Создаем проект: FE с лидером ID: 2-1
2025-07-14 14:31:08,630 - INFO - ✓ Создан проект: FE - FE
2025-07-14 14:31:08,630 - INFO -   🔧 Настраиваем статусы для проекта FE
2025-07-14 14:31:08,758 - ERROR - Ошибка получения статусов для очереди FE: 403 Client Error: Forbidden for url: https://api.tracker.yandex.net/v2/queues/FE/statuses
2025-07-14 14:31:08,758 - WARNING -   ⚠ Не удалось получить статусы для проекта FE
2025-07-14 14:31:09,760 - INFO - Маппинг проектов сохранен в project_mapping.json
2025-07-14 14:31:09,760 - INFO - Промежуточное сохранение: 18 проектов обработано
2025-07-14 14:31:09,761 - INFO - [19/25] Обрабатываем проект: MAPI - MAPI Connector
2025-07-14 14:31:09,854 - INFO - Текущий пользователь YouTrack ID: 2-1
2025-07-14 14:31:09,854 - INFO - Создаем проект: MAPI с лидером ID: 2-1
2025-07-14 14:31:09,989 - ERROR - ✗ Ошибка создания проекта MAPI: 400 - {"error":"invalid_properties","error_description":"Project не является уникальным. Объект с такими же свойствам уже существует. Измените одно или несколько свойств и повторите попытку.","error_children":[{"error":"Project-is-invalid","error_description":"Project не является уникальным. Объект с такими же свойствам уже существует. Измените одно или несколько свойств и повторите попытку.","error_developer_message":"Value should be unique"}]}
2025-07-14 14:31:10,991 - INFO - [20/25] Обрабатываем проект: CERTIFICATION - Certification
2025-07-14 14:31:11,086 - INFO - Текущий пользователь YouTrack ID: 2-1
2025-07-14 14:31:11,087 - INFO - Создаем проект: CERTIFICATION с лидером ID: 2-1
2025-07-14 14:31:11,496 - INFO - ✓ Создан проект: CERTIFICATION - Certification
2025-07-14 14:31:11,496 - INFO -   🔧 Настраиваем статусы для проекта CERTIFICATION
2025-07-14 14:31:11,788 - ERROR - Не удалось получить статусы проекта 0-60
2025-07-14 14:31:12,789 - INFO - [21/25] Обрабатываем проект: SA - security audit
2025-07-14 14:31:12,875 - INFO - Текущий пользователь YouTrack ID: 2-1
2025-07-14 14:31:12,875 - INFO - Создаем проект: SA с лидером ID: 2-1
2025-07-14 14:31:13,239 - INFO - ✓ Создан проект: SA - security audit
2025-07-14 14:31:13,239 - INFO -   🔧 Настраиваем статусы для проекта SA
2025-07-14 14:31:13,469 - ERROR - Не удалось получить статусы проекта 0-61
2025-07-14 14:31:14,473 - INFO - Маппинг проектов сохранен в project_mapping.json
2025-07-14 14:31:14,473 - INFO - Промежуточное сохранение: 21 проектов обработано
2025-07-14 14:31:14,473 - INFO - [22/25] Обрабатываем проект: HIRING - hiring
2025-07-14 14:31:14,568 - INFO - Текущий пользователь YouTrack ID: 2-1
2025-07-14 14:31:14,568 - INFO - Создаем проект: HIRING с лидером ID: 2-1
2025-07-14 14:31:14,872 - INFO - ✓ Создан проект: HIRING - hiring
2025-07-14 14:31:14,872 - INFO -   🔧 Настраиваем статусы для проекта HIRING
2025-07-14 14:31:15,251 - ERROR - Не удалось получить статусы проекта 0-62
2025-07-14 14:31:16,256 - INFO - [23/25] Обрабатываем проект: TESTOVAYAOCHERE - Тестовая очередь
2025-07-14 14:31:16,346 - INFO - Текущий пользователь YouTrack ID: 2-1
2025-07-14 14:31:16,346 - INFO - Создаем проект: TESTOVAYAOCHERE с лидером ID: 2-1
2025-07-14 14:31:16,720 - INFO - ✓ Создан проект: TESTOVAYAOCHERE - Тестовая очередь
2025-07-14 14:31:16,720 - INFO -   🔧 Настраиваем статусы для проекта TESTOVAYAOCHERE
2025-07-14 14:31:16,856 - ERROR - Ошибка получения статусов для очереди TESTOVAYAOCHERE: 403 Client Error: Forbidden for url: https://api.tracker.yandex.net/v2/queues/TESTOVAYAOCHERE/statuses
2025-07-14 14:31:16,857 - WARNING -   ⚠ Не удалось получить статусы для проекта TESTOVAYAOCHERE
2025-07-14 14:31:17,862 - INFO - [24/25] Обрабатываем проект: FORDELETE - Задачи на удаление
2025-07-14 14:31:17,948 - INFO - Текущий пользователь YouTrack ID: 2-1
2025-07-14 14:31:17,949 - INFO - Создаем проект: FORDELETE с лидером ID: 2-1
2025-07-14 14:31:18,270 - INFO - ✓ Создан проект: FORDELETE - Задачи на удаление
2025-07-14 14:31:18,270 - INFO -   🔧 Настраиваем статусы для проекта FORDELETE
2025-07-14 14:31:18,494 - ERROR - Не удалось получить статусы проекта 0-64
2025-07-14 14:31:19,501 - INFO - Маппинг проектов сохранен в project_mapping.json
2025-07-14 14:31:19,501 - INFO - Промежуточное сохранение: 24 проектов обработано
2025-07-14 14:31:19,501 - INFO - [25/25] Обрабатываем проект: AV - projects
2025-07-14 14:31:19,586 - INFO - Текущий пользователь YouTrack ID: 2-1
2025-07-14 14:31:19,586 - INFO - Создаем проект: AV с лидером ID: 2-1
2025-07-14 14:31:19,895 - INFO - ✓ Создан проект: AV - projects
2025-07-14 14:31:19,896 - INFO -   🔧 Настраиваем статусы для проекта AV
2025-07-14 14:31:20,334 - ERROR - Не удалось получить статусы проекта 0-65
2025-07-14 14:31:21,340 - INFO - Маппинг проектов сохранен в project_mapping.json
2025-07-14 14:31:21,340 - INFO - ==================================================
2025-07-14 14:31:21,340 - INFO - РЕЗУЛЬТАТЫ ЭТАПА 2:
2025-07-14 14:31:21,340 - INFO - ✓ Успешно создано: 24
2025-07-14 14:31:21,341 - INFO - ⏭ Пропущено (уже существуют): 0
2025-07-14 14:31:21,341 - INFO - ✗ Ошибок: 1
2025-07-14 14:31:21,341 - INFO - 📊 Всего в маппинге: 24
2025-07-14 14:31:21,341 - INFO - ==================================================
2025-07-14 14:31:21,341 - WARNING - ⚠ Этап завершен с 1 ошибками
